#
# There is insufficient memory for the Java Runtime Environment to continue.
# Native memory allocation (malloc) failed to allocate 7776720 bytes. Error detail: Chunk::new
# Possible reasons:
#   The system is out of physical RAM or swap space
#   This process is running with CompressedOops enabled, and the Java Heap may be blocking the growth of the native heap
# Possible solutions:
#   Reduce memory load on the system
#   Increase physical memory or swap space
#   Check if swap backing store is full
#   Decrease Java heap size (-Xmx/-Xms)
#   Decrease number of Java threads
#   Decrease Java thread stack sizes (-Xss)
#   Set larger code cache with -XX:ReservedCodeCacheSize=
#   JVM is running with Zero Based Compressed Oops mode in which the Java heap is
#     placed in the first 32GB address space. The Java Heap base address is the
#     maximum limit for the native heap growth. Please use -XX:HeapBaseMinAddress
#     to set the Java Heap base and to place the Java Heap above 32GB virtual address.
# This output file may be truncated or incomplete.
#
#  Out of Memory Error (arena.cpp:162), pid=29328, tid=26868
#
# JRE version: Java(TM) SE Runtime Environment (24.0.1+9) (build 24.0.1+9-30)
# Java VM: Java HotSpot(TM) 64-Bit Server VM (24.0.1+9-30, mixed mode, sharing, tiered, compressed oops, compressed class ptrs, g1 gc, windows-amd64)
# No core dump will be written. Minidumps are not enabled by default on client versions of Windows
#

---------------  S U M M A R Y ------------

Command Line: -ea -Dfile.encoding=UTF-8 -Dstdout.encoding=UTF-8 -Dstderr.encoding=UTF-8 -XX:+ShowCodeDetailsInExceptionMessages org.eclipse.jdt.internal.junit.runner.RemoteTestRunner -version 3 -port 63017 -testLoaderClass org.eclipse.jdt.internal.junit5.runner.JUnit5TestLoader -loaderpluginname org.eclipse.jdt.junit5.runtime -classNames graphVisualizer.VisualizerLayoutTest

Host: AMD Ryzen 7 5700X 8-Core Processor             , 16 cores, 31G,  Windows 11 , 64 bit Build 26100 (10.0.26100.8521)
Time: Wed Jul 15 15:10:52 2026 FLE Daylight Time elapsed time: 4.866296 seconds (0d 0h 0m 4s)

---------------  T H R E A D  ---------------

Current thread (0x0000025342651fc0):  JavaThread "C2 CompilerThread0" daemon [_thread_in_native, id=26868, stack(0x000000f0ad700000,0x000000f0ad800000) (1024K)]


Current CompileTask:
C2:4866 1986   !   4       com.sun.javafx.css.ParsedValueImpl::readBinary (691 bytes)

Stack: [0x000000f0ad700000,0x000000f0ad800000]
Native frames: (J=compiled Java code, j=interpreted, Vv=VM code, C=native code)
V  [jvm.dll+0x730739]  (no source info available)
V  [jvm.dll+0x8d9b23]  (no source info available)
V  [jvm.dll+0x8dc00d]  (no source info available)
V  [jvm.dll+0x8dc683]  (no source info available)
V  [jvm.dll+0x2aa086]  (no source info available)
V  [jvm.dll+0xcedef]  (no source info available)
V  [jvm.dll+0xcf04f]  (no source info available)
V  [jvm.dll+0x154d83]  (no source info available)
V  [jvm.dll+0x735f5f]  (no source info available)
V  [jvm.dll+0x26fa1c]  (no source info available)
V  [jvm.dll+0x26ea3f]  (no source info available)
V  [jvm.dll+0x1e9d60]  (no source info available)
V  [jvm.dll+0x27e1fb]  (no source info available)
V  [jvm.dll+0x27c49a]  (no source info available)
V  [jvm.dll+0x42f456]  (no source info available)
V  [jvm.dll+0x87d76b]  (no source info available)
V  [jvm.dll+0x72ee55]  (no source info available)
C  [ucrtbase.dll+0x2cd30]  (no source info available)
C  [KERNEL32.DLL+0x2e957]  (no source info available)
C  [ntdll.dll+0x87c1c]  (no source info available)

Lock stack of current Java thread (top to bottom):


---------------  P R O C E S S  ---------------

Threads class SMR info:
_java_thread_list=0x00000253891fe090, length=18, elements={
0x000002531b047e50, 0x000002533f7c1c70, 0x000002533f7c23b0, 0x000002533f7c9e20,
0x000002533f7ca950, 0x000002533f7cbc20, 0x000002533f7d03b0, 0x0000025342651fc0,
0x000002533f7d9890, 0x00000253426e3a40, 0x00000253426ea9b0, 0x0000025388068330,
0x00000253888634e0, 0x0000025388911d70, 0x00000253889133f0, 0x00000253892f3570,
0x000002533f7d9100, 0x000002533f7da7b0
}

Java Threads: ( => current thread )
  0x000002531b047e50 JavaThread "main"                              [_thread_blocked, id=27380, stack(0x000000f0ac900000,0x000000f0aca00000) (1024K)]
  0x000002533f7c1c70 JavaThread "Reference Handler"          daemon [_thread_blocked, id=34444, stack(0x000000f0ad100000,0x000000f0ad200000) (1024K)]
  0x000002533f7c23b0 JavaThread "Finalizer"                  daemon [_thread_blocked, id=23792, stack(0x000000f0ad200000,0x000000f0ad300000) (1024K)]
  0x000002533f7c9e20 JavaThread "Signal Dispatcher"          daemon [_thread_blocked, id=27112, stack(0x000000f0ad300000,0x000000f0ad400000) (1024K)]
  0x000002533f7ca950 JavaThread "Attach Listener"            daemon [_thread_blocked, id=34920, stack(0x000000f0ad400000,0x000000f0ad500000) (1024K)]
  0x000002533f7cbc20 JavaThread "Service Thread"             daemon [_thread_blocked, id=21252, stack(0x000000f0ad500000,0x000000f0ad600000) (1024K)]
  0x000002533f7d03b0 JavaThread "Monitor Deflation Thread"   daemon [_thread_blocked, id=34924, stack(0x000000f0ad600000,0x000000f0ad700000) (1024K)]
=>0x0000025342651fc0 JavaThread "C2 CompilerThread0"         daemon [_thread_in_native, id=26868, stack(0x000000f0ad700000,0x000000f0ad800000) (1024K)]
  0x000002533f7d9890 JavaThread "C1 CompilerThread0"         daemon [_thread_blocked, id=20216, stack(0x000000f0ad800000,0x000000f0ad900000) (1024K)]
  0x00000253426e3a40 JavaThread "Notification Thread"        daemon [_thread_blocked, id=34932, stack(0x000000f0ad900000,0x000000f0ada00000) (1024K)]
  0x00000253426ea9b0 JavaThread "Common-Cleaner"             daemon [_thread_blocked, id=34988, stack(0x000000f0ada00000,0x000000f0adb00000) (1024K)]
  0x0000025388068330 JavaThread "ReaderThread"                      [_thread_in_native, id=35164, stack(0x000000f0ade00000,0x000000f0adf00000) (1024K)]
  0x00000253888634e0 JavaThread "QuantumRenderer-0"          daemon [_thread_blocked, id=9948, stack(0x000000f0ae000000,0x000000f0ae100000) (1024K)]
  0x0000025388911d70 JavaThread "InvokeLaterDispatcher"      daemon [_thread_blocked, id=34268, stack(0x000000f0adf00000,0x000000f0ae000000) (1024K)]
  0x00000253889133f0 JavaThread "JavaFX Application Thread"         [_thread_in_native, id=35392, stack(0x000000f0ae200000,0x000000f0ae300000) (1024K)]
  0x00000253892f3570 JavaThread "Thread-1"                   daemon [_thread_in_native, id=34660, stack(0x000000f0adb00000,0x000000f0adc00000) (1024K)]
  0x000002533f7d9100 JavaThread "C1 CompilerThread1"         daemon [_thread_blocked, id=23528, stack(0x000000f0aee10000,0x000000f0aef10000) (1024K)]
  0x000002533f7da7b0 JavaThread "C2 CompilerThread1"         daemon [_thread_blocked, id=34508, stack(0x000000f0aef10000,0x000000f0af010000) (1024K)]
Total: 18

Other Threads:
  0x000002533f7b1c50 VMThread "VM Thread"                           [id=34084, stack(0x000000f0ad000000,0x000000f0ad100000) (1024K)]
  0x000002533f6f1a00 WatcherThread "VM Periodic Task Thread"        [id=3792, stack(0x000000f0acf00000,0x000000f0ad000000) (1024K)]
  0x000002531d59bcd0 WorkerThread "GC Thread#0"                     [id=35408, stack(0x000000f0aca00000,0x000000f0acb00000) (1024K)]
  0x000002538972ed60 WorkerThread "GC Thread#1"                     [id=1688, stack(0x000000f0adc00000,0x000000f0add00000) (1024K)]
  0x000002538935a0b0 WorkerThread "GC Thread#2"                     [id=35264, stack(0x000000f0add00000,0x000000f0ade00000) (1024K)]
  0x0000025388dc45c0 WorkerThread "GC Thread#3"                     [id=35720, stack(0x000000f0ae510000,0x000000f0ae610000) (1024K)]
  0x0000025388ddc650 WorkerThread "GC Thread#4"                     [id=33592, stack(0x000000f0ae610000,0x000000f0ae710000) (1024K)]
  0x0000025388ddea10 WorkerThread "GC Thread#5"                     [id=33636, stack(0x000000f0ae710000,0x000000f0ae810000) (1024K)]
  0x0000025388ddf5d0 WorkerThread "GC Thread#6"                     [id=20168, stack(0x000000f0ae810000,0x000000f0ae910000) (1024K)]
  0x0000025388e1ebd0 WorkerThread "GC Thread#7"                     [id=20416, stack(0x000000f0ae910000,0x000000f0aea10000) (1024K)]
  0x0000025388e1f380 WorkerThread "GC Thread#8"                     [id=6496, stack(0x000000f0aea10000,0x000000f0aeb10000) (1024K)]
  0x0000025388e20240 WorkerThread "GC Thread#9"                     [id=35120, stack(0x000000f0aeb10000,0x000000f0aec10000) (1024K)]
  0x0000025388e1fae0 WorkerThread "GC Thread#10"                    [id=28136, stack(0x000000f0aec10000,0x000000f0aed10000) (1024K)]
  0x0000025388e209a0 WorkerThread "GC Thread#11"                    [id=3536, stack(0x000000f0aed10000,0x000000f0aee10000) (1024K)]
  0x000002533f623320 ConcurrentGCThread "G1 Main Marker"            [id=30924, stack(0x000000f0acb00000,0x000000f0acc00000) (1024K)]
  0x000002531d5a8f30 WorkerThread "G1 Conc#0"                       [id=35792, stack(0x000000f0acc00000,0x000000f0acd00000) (1024K)]
  0x000002533f6e68b0 ConcurrentGCThread "G1 Refine#0"               [id=1288, stack(0x000000f0acd00000,0x000000f0ace00000) (1024K)]
  0x000002533f6e7340 ConcurrentGCThread "G1 Service"                [id=3888, stack(0x000000f0ace00000,0x000000f0acf00000) (1024K)]
Total: 18

Threads with active compile tasks:
C2 CompilerThread0  4936 1986   !   4       com.sun.javafx.css.ParsedValueImpl::readBinary (691 bytes)
Total: 1

VM state: not at safepoint (normal execution)

VM Mutex/Monitor currently owned by a thread: None

Heap address: 0x0000000601000000, size: 8176 MB, Compressed Oops mode: Zero based, Oop shift amount: 3

CDS archive(s) mapped at: [0x0000025343000000-0x0000025343d40000-0x0000025343d40000), size 13893632, SharedBaseAddress: 0x0000025343000000, ArchiveRelocationMode: 1.
Compressed class space mapped at: 0x0000025344000000-0x0000025384000000, reserved size: 1073741824
UseCompressedClassPointers 1, UseCompactObjectHeaders 0
Narrow klass pointer bits 32, Max shift 3
Narrow klass base: 0x0000025343000000, Narrow klass shift: 0
Encoding Range: [0x0000025343000000 - 0x0000025443000000), (4294967296 bytes)
Klass Range:    [0x0000025343000000 - 0x0000025384000000), (1090519040 bytes)
Klass ID Range:  [8 - 1090519033) (1090519025)

GC Precious Log:
 CardTable entry size: 512
 Card Set container configuration: InlinePtr #cards 4 size 8 Array Of Cards #cards 32 size 80 Howl #buckets 8 coarsen threshold 7372 Howl Bitmap #cards 1024 size 144 coarsen threshold 921 Card regions per heap region 1 cards per card region 8192
 CPUs: 16 total, 16 available
 Memory: 32690M
 Large Page Support: Disabled
 NUMA Support: Disabled
 Compressed Oops: Enabled (Zero based)
 Heap Region Size: 4M
 Heap Min Capacity: 8M
 Heap Initial Capacity: 512M
 Heap Max Capacity: 8176M
 Pre-touch: Disabled
 Parallel Workers: 13
 Concurrent Workers: 3
 Concurrent Refinement Workers: 13
 Periodic GC: Disabled

Heap:
 garbage-first heap   total reserved 8372224K, committed 528384K, used 18287K [0x0000000601000000, 0x0000000800000000)
  region size 4096K, 6 young (24576K), 2 survivors (8192K)
 Metaspace       used 15083K, committed 15296K, reserved 1114112K
  class space    used 1876K, committed 1984K, reserved 1048576K

Heap Regions: E=young(eden), S=young(survivor), O=old, HS=humongous(starts), HC=humongous(continues), CS=collection set, F=free, TAMS=top-at-mark-start, PB=parsable bottom
|   0|0x0000000601000000, 0x0000000601000000, 0x0000000601400000|  0%| F|  |TAMS 0x0000000601000000| PB 0x0000000601000000| Untracked |  0
|   1|0x0000000601400000, 0x0000000601400000, 0x0000000601800000|  0%| F|  |TAMS 0x0000000601400000| PB 0x0000000601400000| Untracked |  0
|   2|0x0000000601800000, 0x0000000601800000, 0x0000000601c00000|  0%| F|  |TAMS 0x0000000601800000| PB 0x0000000601800000| Untracked |  0
|   3|0x0000000601c00000, 0x0000000601c00000, 0x0000000602000000|  0%| F|  |TAMS 0x0000000601c00000| PB 0x0000000601c00000| Untracked |  0
|   4|0x0000000602000000, 0x0000000602000000, 0x0000000602400000|  0%| F|  |TAMS 0x0000000602000000| PB 0x0000000602000000| Untracked |  0
|   5|0x0000000602400000, 0x0000000602400000, 0x0000000602800000|  0%| F|  |TAMS 0x0000000602400000| PB 0x0000000602400000| Untracked |  0
|   6|0x0000000602800000, 0x0000000602800000, 0x0000000602c00000|  0%| F|  |TAMS 0x0000000602800000| PB 0x0000000602800000| Untracked |  0
|   7|0x0000000602c00000, 0x0000000602c00000, 0x0000000603000000|  0%| F|  |TAMS 0x0000000602c00000| PB 0x0000000602c00000| Untracked |  0
|   8|0x0000000603000000, 0x0000000603000000, 0x0000000603400000|  0%| F|  |TAMS 0x0000000603000000| PB 0x0000000603000000| Untracked |  0
|   9|0x0000000603400000, 0x0000000603400000, 0x0000000603800000|  0%| F|  |TAMS 0x0000000603400000| PB 0x0000000603400000| Untracked |  0
|  10|0x0000000603800000, 0x0000000603800000, 0x0000000603c00000|  0%| F|  |TAMS 0x0000000603800000| PB 0x0000000603800000| Untracked |  0
|  11|0x0000000603c00000, 0x0000000603c00000, 0x0000000604000000|  0%| F|  |TAMS 0x0000000603c00000| PB 0x0000000603c00000| Untracked |  0
|  12|0x0000000604000000, 0x0000000604000000, 0x0000000604400000|  0%| F|  |TAMS 0x0000000604000000| PB 0x0000000604000000| Untracked |  0
|  13|0x0000000604400000, 0x0000000604400000, 0x0000000604800000|  0%| F|  |TAMS 0x0000000604400000| PB 0x0000000604400000| Untracked |  0
|  14|0x0000000604800000, 0x0000000604800000, 0x0000000604c00000|  0%| F|  |TAMS 0x0000000604800000| PB 0x0000000604800000| Untracked |  0
|  15|0x0000000604c00000, 0x0000000604c00000, 0x0000000605000000|  0%| F|  |TAMS 0x0000000604c00000| PB 0x0000000604c00000| Untracked |  0
|  16|0x0000000605000000, 0x0000000605000000, 0x0000000605400000|  0%| F|  |TAMS 0x0000000605000000| PB 0x0000000605000000| Untracked |  0
|  17|0x0000000605400000, 0x0000000605400000, 0x0000000605800000|  0%| F|  |TAMS 0x0000000605400000| PB 0x0000000605400000| Untracked |  0
|  18|0x0000000605800000, 0x0000000605800000, 0x0000000605c00000|  0%| F|  |TAMS 0x0000000605800000| PB 0x0000000605800000| Untracked |  0
|  19|0x0000000605c00000, 0x0000000605c00000, 0x0000000606000000|  0%| F|  |TAMS 0x0000000605c00000| PB 0x0000000605c00000| Untracked |  0
|  20|0x0000000606000000, 0x0000000606000000, 0x0000000606400000|  0%| F|  |TAMS 0x0000000606000000| PB 0x0000000606000000| Untracked |  0
|  21|0x0000000606400000, 0x0000000606400000, 0x0000000606800000|  0%| F|  |TAMS 0x0000000606400000| PB 0x0000000606400000| Untracked |  0
|  22|0x0000000606800000, 0x0000000606800000, 0x0000000606c00000|  0%| F|  |TAMS 0x0000000606800000| PB 0x0000000606800000| Untracked |  0
|  23|0x0000000606c00000, 0x0000000606c00000, 0x0000000607000000|  0%| F|  |TAMS 0x0000000606c00000| PB 0x0000000606c00000| Untracked |  0
|  24|0x0000000607000000, 0x0000000607000000, 0x0000000607400000|  0%| F|  |TAMS 0x0000000607000000| PB 0x0000000607000000| Untracked |  0
|  25|0x0000000607400000, 0x0000000607400000, 0x0000000607800000|  0%| F|  |TAMS 0x0000000607400000| PB 0x0000000607400000| Untracked |  0
|  26|0x0000000607800000, 0x0000000607800000, 0x0000000607c00000|  0%| F|  |TAMS 0x0000000607800000| PB 0x0000000607800000| Untracked |  0
|  27|0x0000000607c00000, 0x0000000607c00000, 0x0000000608000000|  0%| F|  |TAMS 0x0000000607c00000| PB 0x0000000607c00000| Untracked |  0
|  28|0x0000000608000000, 0x0000000608000000, 0x0000000608400000|  0%| F|  |TAMS 0x0000000608000000| PB 0x0000000608000000| Untracked |  0
|  29|0x0000000608400000, 0x0000000608400000, 0x0000000608800000|  0%| F|  |TAMS 0x0000000608400000| PB 0x0000000608400000| Untracked |  0
|  30|0x0000000608800000, 0x0000000608800000, 0x0000000608c00000|  0%| F|  |TAMS 0x0000000608800000| PB 0x0000000608800000| Untracked |  0
|  31|0x0000000608c00000, 0x0000000608c00000, 0x0000000609000000|  0%| F|  |TAMS 0x0000000608c00000| PB 0x0000000608c00000| Untracked |  0
|  32|0x0000000609000000, 0x0000000609000000, 0x0000000609400000|  0%| F|  |TAMS 0x0000000609000000| PB 0x0000000609000000| Untracked |  0
|  33|0x0000000609400000, 0x0000000609400000, 0x0000000609800000|  0%| F|  |TAMS 0x0000000609400000| PB 0x0000000609400000| Untracked |  0
|  34|0x0000000609800000, 0x0000000609800000, 0x0000000609c00000|  0%| F|  |TAMS 0x0000000609800000| PB 0x0000000609800000| Untracked |  0
|  35|0x0000000609c00000, 0x0000000609c00000, 0x000000060a000000|  0%| F|  |TAMS 0x0000000609c00000| PB 0x0000000609c00000| Untracked |  0
|  36|0x000000060a000000, 0x000000060a000000, 0x000000060a400000|  0%| F|  |TAMS 0x000000060a000000| PB 0x000000060a000000| Untracked |  0
|  37|0x000000060a400000, 0x000000060a400000, 0x000000060a800000|  0%| F|  |TAMS 0x000000060a400000| PB 0x000000060a400000| Untracked |  0
|  38|0x000000060a800000, 0x000000060a800000, 0x000000060ac00000|  0%| F|  |TAMS 0x000000060a800000| PB 0x000000060a800000| Untracked |  0
|  39|0x000000060ac00000, 0x000000060ac00000, 0x000000060b000000|  0%| F|  |TAMS 0x000000060ac00000| PB 0x000000060ac00000| Untracked |  0
|  40|0x000000060b000000, 0x000000060b000000, 0x000000060b400000|  0%| F|  |TAMS 0x000000060b000000| PB 0x000000060b000000| Untracked |  0
|  41|0x000000060b400000, 0x000000060b400000, 0x000000060b800000|  0%| F|  |TAMS 0x000000060b400000| PB 0x000000060b400000| Untracked |  0
|  42|0x000000060b800000, 0x000000060b800000, 0x000000060bc00000|  0%| F|  |TAMS 0x000000060b800000| PB 0x000000060b800000| Untracked |  0
|  43|0x000000060bc00000, 0x000000060bc00000, 0x000000060c000000|  0%| F|  |TAMS 0x000000060bc00000| PB 0x000000060bc00000| Untracked |  0
|  44|0x000000060c000000, 0x000000060c000000, 0x000000060c400000|  0%| F|  |TAMS 0x000000060c000000| PB 0x000000060c000000| Untracked |  0
|  45|0x000000060c400000, 0x000000060c400000, 0x000000060c800000|  0%| F|  |TAMS 0x000000060c400000| PB 0x000000060c400000| Untracked |  0
|  46|0x000000060c800000, 0x000000060c800000, 0x000000060cc00000|  0%| F|  |TAMS 0x000000060c800000| PB 0x000000060c800000| Untracked |  0
|  47|0x000000060cc00000, 0x000000060cc00000, 0x000000060d000000|  0%| F|  |TAMS 0x000000060cc00000| PB 0x000000060cc00000| Untracked |  0
|  48|0x000000060d000000, 0x000000060d000000, 0x000000060d400000|  0%| F|  |TAMS 0x000000060d000000| PB 0x000000060d000000| Untracked |  0
|  49|0x000000060d400000, 0x000000060d400000, 0x000000060d800000|  0%| F|  |TAMS 0x000000060d400000| PB 0x000000060d400000| Untracked |  0
|  50|0x000000060d800000, 0x000000060d800000, 0x000000060dc00000|  0%| F|  |TAMS 0x000000060d800000| PB 0x000000060d800000| Untracked |  0
|  51|0x000000060dc00000, 0x000000060dc00000, 0x000000060e000000|  0%| F|  |TAMS 0x000000060dc00000| PB 0x000000060dc00000| Untracked |  0
|  52|0x000000060e000000, 0x000000060e000000, 0x000000060e400000|  0%| F|  |TAMS 0x000000060e000000| PB 0x000000060e000000| Untracked |  0
|  53|0x000000060e400000, 0x000000060e400000, 0x000000060e800000|  0%| F|  |TAMS 0x000000060e400000| PB 0x000000060e400000| Untracked |  0
|  54|0x000000060e800000, 0x000000060e800000, 0x000000060ec00000|  0%| F|  |TAMS 0x000000060e800000| PB 0x000000060e800000| Untracked |  0
|  55|0x000000060ec00000, 0x000000060ec00000, 0x000000060f000000|  0%| F|  |TAMS 0x000000060ec00000| PB 0x000000060ec00000| Untracked |  0
|  56|0x000000060f000000, 0x000000060f000000, 0x000000060f400000|  0%| F|  |TAMS 0x000000060f000000| PB 0x000000060f000000| Untracked |  0
|  57|0x000000060f400000, 0x000000060f400000, 0x000000060f800000|  0%| F|  |TAMS 0x000000060f400000| PB 0x000000060f400000| Untracked |  0
|  58|0x000000060f800000, 0x000000060f800000, 0x000000060fc00000|  0%| F|  |TAMS 0x000000060f800000| PB 0x000000060f800000| Untracked |  0
|  59|0x000000060fc00000, 0x000000060fc00000, 0x0000000610000000|  0%| F|  |TAMS 0x000000060fc00000| PB 0x000000060fc00000| Untracked |  0
|  60|0x0000000610000000, 0x0000000610000000, 0x0000000610400000|  0%| F|  |TAMS 0x0000000610000000| PB 0x0000000610000000| Untracked |  0
|  61|0x0000000610400000, 0x0000000610400000, 0x0000000610800000|  0%| F|  |TAMS 0x0000000610400000| PB 0x0000000610400000| Untracked |  0
|  62|0x0000000610800000, 0x0000000610800000, 0x0000000610c00000|  0%| F|  |TAMS 0x0000000610800000| PB 0x0000000610800000| Untracked |  0
|  63|0x0000000610c00000, 0x0000000610c00000, 0x0000000611000000|  0%| F|  |TAMS 0x0000000610c00000| PB 0x0000000610c00000| Untracked |  0
|  64|0x0000000611000000, 0x0000000611000000, 0x0000000611400000|  0%| F|  |TAMS 0x0000000611000000| PB 0x0000000611000000| Untracked |  0
|  65|0x0000000611400000, 0x0000000611400000, 0x0000000611800000|  0%| F|  |TAMS 0x0000000611400000| PB 0x0000000611400000| Untracked |  0
|  66|0x0000000611800000, 0x0000000611800000, 0x0000000611c00000|  0%| F|  |TAMS 0x0000000611800000| PB 0x0000000611800000| Untracked |  0
|  67|0x0000000611c00000, 0x0000000611c00000, 0x0000000612000000|  0%| F|  |TAMS 0x0000000611c00000| PB 0x0000000611c00000| Untracked |  0
|  68|0x0000000612000000, 0x0000000612000000, 0x0000000612400000|  0%| F|  |TAMS 0x0000000612000000| PB 0x0000000612000000| Untracked |  0
|  69|0x0000000612400000, 0x0000000612400000, 0x0000000612800000|  0%| F|  |TAMS 0x0000000612400000| PB 0x0000000612400000| Untracked |  0
|  70|0x0000000612800000, 0x0000000612800000, 0x0000000612c00000|  0%| F|  |TAMS 0x0000000612800000| PB 0x0000000612800000| Untracked |  0
|  71|0x0000000612c00000, 0x0000000612c00000, 0x0000000613000000|  0%| F|  |TAMS 0x0000000612c00000| PB 0x0000000612c00000| Untracked |  0
|  72|0x0000000613000000, 0x0000000613000000, 0x0000000613400000|  0%| F|  |TAMS 0x0000000613000000| PB 0x0000000613000000| Untracked |  0
|  73|0x0000000613400000, 0x0000000613400000, 0x0000000613800000|  0%| F|  |TAMS 0x0000000613400000| PB 0x0000000613400000| Untracked |  0
|  74|0x0000000613800000, 0x0000000613800000, 0x0000000613c00000|  0%| F|  |TAMS 0x0000000613800000| PB 0x0000000613800000| Untracked |  0
|  75|0x0000000613c00000, 0x0000000613c00000, 0x0000000614000000|  0%| F|  |TAMS 0x0000000613c00000| PB 0x0000000613c00000| Untracked |  0
|  76|0x0000000614000000, 0x0000000614000000, 0x0000000614400000|  0%| F|  |TAMS 0x0000000614000000| PB 0x0000000614000000| Untracked |  0
|  77|0x0000000614400000, 0x0000000614400000, 0x0000000614800000|  0%| F|  |TAMS 0x0000000614400000| PB 0x0000000614400000| Untracked |  0
|  78|0x0000000614800000, 0x0000000614800000, 0x0000000614c00000|  0%| F|  |TAMS 0x0000000614800000| PB 0x0000000614800000| Untracked |  0
|  79|0x0000000614c00000, 0x0000000614c00000, 0x0000000615000000|  0%| F|  |TAMS 0x0000000614c00000| PB 0x0000000614c00000| Untracked |  0
|  80|0x0000000615000000, 0x0000000615000000, 0x0000000615400000|  0%| F|  |TAMS 0x0000000615000000| PB 0x0000000615000000| Untracked |  0
|  81|0x0000000615400000, 0x0000000615400000, 0x0000000615800000|  0%| F|  |TAMS 0x0000000615400000| PB 0x0000000615400000| Untracked |  0
|  82|0x0000000615800000, 0x0000000615800000, 0x0000000615c00000|  0%| F|  |TAMS 0x0000000615800000| PB 0x0000000615800000| Untracked |  0
|  83|0x0000000615c00000, 0x0000000615c00000, 0x0000000616000000|  0%| F|  |TAMS 0x0000000615c00000| PB 0x0000000615c00000| Untracked |  0
|  84|0x0000000616000000, 0x0000000616000000, 0x0000000616400000|  0%| F|  |TAMS 0x0000000616000000| PB 0x0000000616000000| Untracked |  0
|  85|0x0000000616400000, 0x0000000616400000, 0x0000000616800000|  0%| F|  |TAMS 0x0000000616400000| PB 0x0000000616400000| Untracked |  0
|  86|0x0000000616800000, 0x0000000616800000, 0x0000000616c00000|  0%| F|  |TAMS 0x0000000616800000| PB 0x0000000616800000| Untracked |  0
|  87|0x0000000616c00000, 0x0000000616c00000, 0x0000000617000000|  0%| F|  |TAMS 0x0000000616c00000| PB 0x0000000616c00000| Untracked |  0
|  88|0x0000000617000000, 0x0000000617000000, 0x0000000617400000|  0%| F|  |TAMS 0x0000000617000000| PB 0x0000000617000000| Untracked |  0
|  89|0x0000000617400000, 0x0000000617400000, 0x0000000617800000|  0%| F|  |TAMS 0x0000000617400000| PB 0x0000000617400000| Untracked |  0
|  90|0x0000000617800000, 0x0000000617800000, 0x0000000617c00000|  0%| F|  |TAMS 0x0000000617800000| PB 0x0000000617800000| Untracked |  0
|  91|0x0000000617c00000, 0x0000000617c00000, 0x0000000618000000|  0%| F|  |TAMS 0x0000000617c00000| PB 0x0000000617c00000| Untracked |  0
|  92|0x0000000618000000, 0x0000000618000000, 0x0000000618400000|  0%| F|  |TAMS 0x0000000618000000| PB 0x0000000618000000| Untracked |  0
|  93|0x0000000618400000, 0x0000000618400000, 0x0000000618800000|  0%| F|  |TAMS 0x0000000618400000| PB 0x0000000618400000| Untracked |  0
|  94|0x0000000618800000, 0x0000000618800000, 0x0000000618c00000|  0%| F|  |TAMS 0x0000000618800000| PB 0x0000000618800000| Untracked |  0
|  95|0x0000000618c00000, 0x0000000618c00000, 0x0000000619000000|  0%| F|  |TAMS 0x0000000618c00000| PB 0x0000000618c00000| Untracked |  0
|  96|0x0000000619000000, 0x0000000619000000, 0x0000000619400000|  0%| F|  |TAMS 0x0000000619000000| PB 0x0000000619000000| Untracked |  0
|  97|0x0000000619400000, 0x0000000619400000, 0x0000000619800000|  0%| F|  |TAMS 0x0000000619400000| PB 0x0000000619400000| Untracked |  0
|  98|0x0000000619800000, 0x0000000619800000, 0x0000000619c00000|  0%| F|  |TAMS 0x0000000619800000| PB 0x0000000619800000| Untracked |  0
|  99|0x0000000619c00000, 0x0000000619c00000, 0x000000061a000000|  0%| F|  |TAMS 0x0000000619c00000| PB 0x0000000619c00000| Untracked |  0
| 100|0x000000061a000000, 0x000000061a000000, 0x000000061a400000|  0%| F|  |TAMS 0x000000061a000000| PB 0x000000061a000000| Untracked |  0
| 101|0x000000061a400000, 0x000000061a400000, 0x000000061a800000|  0%| F|  |TAMS 0x000000061a400000| PB 0x000000061a400000| Untracked |  0
| 102|0x000000061a800000, 0x000000061a800000, 0x000000061ac00000|  0%| F|  |TAMS 0x000000061a800000| PB 0x000000061a800000| Untracked |  0
| 103|0x000000061ac00000, 0x000000061ac00000, 0x000000061b000000|  0%| F|  |TAMS 0x000000061ac00000| PB 0x000000061ac00000| Untracked |  0
| 104|0x000000061b000000, 0x000000061b000000, 0x000000061b400000|  0%| F|  |TAMS 0x000000061b000000| PB 0x000000061b000000| Untracked |  0
| 105|0x000000061b400000, 0x000000061b400000, 0x000000061b800000|  0%| F|  |TAMS 0x000000061b400000| PB 0x000000061b400000| Untracked |  0
| 106|0x000000061b800000, 0x000000061b800000, 0x000000061bc00000|  0%| F|  |TAMS 0x000000061b800000| PB 0x000000061b800000| Untracked |  0
| 107|0x000000061bc00000, 0x000000061bc00000, 0x000000061c000000|  0%| F|  |TAMS 0x000000061bc00000| PB 0x000000061bc00000| Untracked |  0
| 108|0x000000061c000000, 0x000000061c000000, 0x000000061c400000|  0%| F|  |TAMS 0x000000061c000000| PB 0x000000061c000000| Untracked |  0
| 109|0x000000061c400000, 0x000000061c400000, 0x000000061c800000|  0%| F|  |TAMS 0x000000061c400000| PB 0x000000061c400000| Untracked |  0
| 110|0x000000061c800000, 0x000000061c800000, 0x000000061cc00000|  0%| F|  |TAMS 0x000000061c800000| PB 0x000000061c800000| Untracked |  0
| 111|0x000000061cc00000, 0x000000061cc00000, 0x000000061d000000|  0%| F|  |TAMS 0x000000061cc00000| PB 0x000000061cc00000| Untracked |  0
| 112|0x000000061d000000, 0x000000061d000000, 0x000000061d400000|  0%| F|  |TAMS 0x000000061d000000| PB 0x000000061d000000| Untracked |  0
| 113|0x000000061d400000, 0x000000061d400000, 0x000000061d800000|  0%| F|  |TAMS 0x000000061d400000| PB 0x000000061d400000| Untracked |  0
| 114|0x000000061d800000, 0x000000061d8bec90, 0x000000061dc00000| 18%| S|CS|TAMS 0x000000061d800000| PB 0x000000061d800000| Complete |  0
| 115|0x000000061dc00000, 0x000000061e000000, 0x000000061e000000|100%| S|CS|TAMS 0x000000061dc00000| PB 0x000000061dc00000| Complete |  0
| 116|0x000000061e000000, 0x000000061e000000, 0x000000061e400000|  0%| F|  |TAMS 0x000000061e000000| PB 0x000000061e000000| Untracked |  0
| 117|0x000000061e400000, 0x000000061e400000, 0x000000061e800000|  0%| F|  |TAMS 0x000000061e400000| PB 0x000000061e400000| Untracked |  0
| 118|0x000000061e800000, 0x000000061e800000, 0x000000061ec00000|  0%| F|  |TAMS 0x000000061e800000| PB 0x000000061e800000| Untracked |  0
| 119|0x000000061ec00000, 0x000000061ec00000, 0x000000061f000000|  0%| F|  |TAMS 0x000000061ec00000| PB 0x000000061ec00000| Untracked |  0
| 120|0x000000061f000000, 0x000000061f000000, 0x000000061f400000|  0%| F|  |TAMS 0x000000061f000000| PB 0x000000061f000000| Untracked |  0
| 121|0x000000061f400000, 0x000000061f400000, 0x000000061f800000|  0%| F|  |TAMS 0x000000061f400000| PB 0x000000061f400000| Untracked |  0
| 122|0x000000061f800000, 0x000000061f800000, 0x000000061fc00000|  0%| F|  |TAMS 0x000000061f800000| PB 0x000000061f800000| Untracked |  0
| 123|0x000000061fc00000, 0x000000061fc00000, 0x0000000620000000|  0%| F|  |TAMS 0x000000061fc00000| PB 0x000000061fc00000| Untracked |  0
| 124|0x0000000620000000, 0x0000000620272f30, 0x0000000620400000| 61%| E|  |TAMS 0x0000000620000000| PB 0x0000000620000000| Complete |  0
| 125|0x0000000620400000, 0x0000000620800000, 0x0000000620800000|100%| E|CS|TAMS 0x0000000620400000| PB 0x0000000620400000| Complete |  0
| 126|0x0000000620800000, 0x0000000620c00000, 0x0000000620c00000|100%| E|CS|TAMS 0x0000000620800000| PB 0x0000000620800000| Complete |  0
| 127|0x0000000620c00000, 0x0000000621000000, 0x0000000621000000|100%| E|CS|TAMS 0x0000000620c00000| PB 0x0000000620c00000| Complete |  0
|2043|0x00000007ffc00000, 0x00000007ffd1d1c0, 0x0000000800000000| 27%| O|  |TAMS 0x00000007ffc00000| PB 0x00000007ffc00000| Untracked |  0

Card table byte_map: [0x0000025336620000,0x0000025337620000] _byte_map_base: 0x0000025333618000

Marking Bits: (CMBitMap*) 0x000002531d59c2f0
 Bits: [0x0000025337620000, 0x000002533f5e0000)

Polling page: 0x000002531b300000

Metaspace:

Usage:
  Non-class:     12.90 MB used.
      Class:      1.83 MB used.
       Both:     14.73 MB used.

Virtual space:
  Non-class space:       64.00 MB reserved,      13.00 MB ( 20%) committed,  1 nodes.
      Class space:        1.00 GB reserved,       1.94 MB ( <1%) committed,  1 nodes.
             Both:        1.06 GB reserved,      14.94 MB (  1%) committed. 

Chunk freelists:
   Non-Class:  2.58 MB
       Class:  14.08 MB
        Both:  16.66 MB

MaxMetaspaceSize: unlimited
CompressedClassSpaceSize: 1.00 GB
Initial GC threshold: 21.00 MB
Current GC threshold: 21.00 MB
CDS: on
 - commit_granule_bytes: 65536.
 - commit_granule_words: 8192.
 - virtual_space_node_default_size: 8388608.
 - enlarge_chunks_in_place: 1.
UseCompressedClassPointers 1, UseCompactObjectHeaders 0
Narrow klass pointer bits 32, Max shift 3
Narrow klass base: 0x0000025343000000, Narrow klass shift: 0
Encoding Range: [0x0000025343000000 - 0x0000025443000000), (4294967296 bytes)
Klass Range:    [0x0000025343000000 - 0x0000025384000000), (1090519040 bytes)
Klass ID Range:  [8 - 1090519033) (1090519025)


Internal statistics:

num_allocs_failed_limit: 0.
num_arena_births: 124.
num_arena_deaths: 0.
num_vsnodes_births: 2.
num_vsnodes_deaths: 0.
num_space_committed: 239.
num_space_uncommitted: 0.
num_chunks_returned_to_freelist: 0.
num_chunks_taken_from_freelist: 570.
num_chunk_merges: 0.
num_chunk_splits: 370.
num_chunks_enlarged: 303.
num_inconsistent_stats: 0.

CodeHeap 'non-profiled nmethods': size=119232Kb used=603Kb max_used=603Kb free=118628Kb
 bounds [0x000002532d920000, 0x000002532db90000, 0x0000025334d90000]
CodeHeap 'profiled nmethods': size=119104Kb used=3769Kb max_used=3769Kb free=115334Kb
 bounds [0x0000025325d90000, 0x0000025326140000, 0x000002532d1e0000]
CodeHeap 'non-nmethods': size=7424Kb used=2078Kb max_used=3184Kb free=5345Kb
 bounds [0x000002532d1e0000, 0x000002532d500000, 0x000002532d920000]
CodeCache: size=245760Kb, used=6450Kb, max_used=7556Kb, free=239307Kb
 total_blobs=2737, nmethods=2055, adapters=585, full_count=0
Compilation: enabled, stopped_count=0, restarted_count=0

Compilation events (20 events):
Event: 3.819 Thread 0x000002533f7d9890 nmethod 1987 0x0000025326121f08 code [0x0000025326122020, 0x0000025326122180]
Event: 3.824 Thread 0x000002533f7d9100 nmethod 1985 0x000002532d9aec88 code [0x000002532d9aedc0, 0x000002532d9af568]
Event: 3.824 Thread 0x000002533f7d9100 1988       4       com.sun.javafx.css.ParsedValueImpl::getContainsLookupsFlag (219 bytes)
Event: 3.829 Thread 0x000002533f7d9100 nmethod 1988 0x000002532d9af608 code [0x000002532d9af740, 0x000002532d9afbe8]
Event: 3.844 Thread 0x000002533f7da7b0 1989       3       java.lang.invoke.MethodHandle::keepsAlive (49 bytes)
Event: 3.844 Thread 0x000002533f7da020 1990       3       java.lang.StringBuilder::charAt (6 bytes)
Event: 3.844 Thread 0x000002533f7d9890 1991       3       java.lang.AbstractStringBuilder::charAt (36 bytes)
Event: 3.845 Thread 0x000002533f7da020 nmethod 1990 0x0000025326122208 code [0x0000025326122320, 0x0000025326122460]
Event: 3.845 Thread 0x000002533f7da7b0 nmethod 1989 0x0000025326122508 code [0x00000253261226c0, 0x00000253261230b0]
Event: 3.845 Thread 0x000002533f7d9890 nmethod 1991 0x0000025326123108 code [0x0000025326123240, 0x00000253261235d8]
Event: 3.848 Thread 0x000002533f7d9100 1992       4       java.lang.String::regionMatches (150 bytes)
Event: 3.850 Thread 0x000002533f7d9100 nmethod 1992 0x000002532d9afc88 code [0x000002532d9afdc0, 0x000002532d9b0130]
Event: 3.852 Thread 0x000002533f7da020 1993       3       java.lang.invoke.MethodHandleImpl::makePairwiseConvertByEditor (617 bytes)
Event: 3.854 Thread 0x000002533f7da020 nmethod 1993 0x0000025326123688 code [0x0000025326123de0, 0x0000025326129970]
Event: 3.855 Thread 0x000002533f7d9100 1994       4       java.lang.ClassLoader::checkName (37 bytes)
Event: 3.856 Thread 0x000002533f7d9100 nmethod 1994 0x000002532d9b0188 code [0x000002532d9b02a0, 0x000002532d9b0488]
Event: 3.859 Thread 0x000002533f7d9100 1995       4       java.lang.String::indexOf (65 bytes)
Event: 3.860 Thread 0x000002533f7d9100 nmethod 1995 0x000002532d9b0508 code [0x000002532d9b0620, 0x000002532d9b0870]
Event: 4.208 Thread 0x000002533f7daf40 1996       1       com.sun.javafx.tk.quantum.QuantumToolkit$PulseTask::get (5 bytes)
Event: 4.208 Thread 0x000002533f7daf40 nmethod 1996 0x000002532d9b0908 code [0x000002532d9b0a00, 0x000002532d9b0ac8]

GC Heap History (2 events):
Event: 3.718 GC heap before
{Heap before GC invocations=0 (full 0):
 garbage-first heap   total reserved 8372224K, committed 528384K, used 50292K [0x0000000601000000, 0x0000000800000000)
  region size 4096K, 12 young (49152K), 0 survivors (0K)
 Metaspace       used 11113K, committed 11264K, reserved 1114112K
  class space    used 1149K, committed 1216K, reserved 1048576K
}
Event: 3.721 GC heap after
{Heap after GC invocations=1 (full 0):
 garbage-first heap   total reserved 8372224K, committed 528384K, used 5999K [0x0000000601000000, 0x0000000800000000)
  region size 4096K, 2 young (8192K), 2 survivors (8192K)
 Metaspace       used 11113K, committed 11264K, reserved 1114112K
  class space    used 1149K, committed 1216K, reserved 1048576K
}

Dll operation events (20 events):
Event: 1.388 Loaded shared library C:\Users\samie\Documents\javafx-sdk-21\bin\api-ms-win-crt-heap-l1-1-0.dll
Event: 1.389 Loaded shared library C:\Users\samie\Documents\javafx-sdk-21\bin\api-ms-win-crt-locale-l1-1-0.dll
Event: 1.390 Loaded shared library C:\Users\samie\Documents\javafx-sdk-21\bin\api-ms-win-crt-math-l1-1-0.dll
Event: 1.392 Loaded shared library C:\Users\samie\Documents\javafx-sdk-21\bin\api-ms-win-crt-multibyte-l1-1-0.dll
Event: 1.393 Loaded shared library C:\Users\samie\Documents\javafx-sdk-21\bin\api-ms-win-crt-private-l1-1-0.dll
Event: 1.394 Loaded shared library C:\Users\samie\Documents\javafx-sdk-21\bin\api-ms-win-crt-process-l1-1-0.dll
Event: 1.395 Loaded shared library C:\Users\samie\Documents\javafx-sdk-21\bin\api-ms-win-crt-runtime-l1-1-0.dll
Event: 1.396 Loaded shared library C:\Users\samie\Documents\javafx-sdk-21\bin\api-ms-win-crt-stdio-l1-1-0.dll
Event: 1.397 Loaded shared library C:\Users\samie\Documents\javafx-sdk-21\bin\api-ms-win-crt-string-l1-1-0.dll
Event: 1.399 Loaded shared library C:\Users\samie\Documents\javafx-sdk-21\bin\api-ms-win-crt-time-l1-1-0.dll
Event: 1.400 Loaded shared library C:\Users\samie\Documents\javafx-sdk-21\bin\api-ms-win-crt-utility-l1-1-0.dll
Event: 1.401 Loaded shared library C:\Users\samie\Documents\javafx-sdk-21\bin\ucrtbase.dll
Event: 1.402 Loaded shared library C:\Users\samie\Documents\javafx-sdk-21\bin\vcruntime140.dll
Event: 1.403 Loaded shared library C:\Users\samie\Documents\javafx-sdk-21\bin\vcruntime140_1.dll
Event: 1.404 Loaded shared library C:\Users\samie\Documents\javafx-sdk-21\bin\msvcp140.dll
Event: 1.405 Loaded shared library C:\Users\samie\Documents\javafx-sdk-21\bin\msvcp140_1.dll
Event: 1.406 Loaded shared library C:\Users\samie\Documents\javafx-sdk-21\bin\msvcp140_2.dll
Event: 1.437 Loaded shared library C:\Users\samie\Documents\javafx-sdk-21\bin\prism_d3d.dll
Event: 1.562 Loaded shared library C:\Users\samie\Documents\javafx-sdk-21\bin\glass.dll
Event: 3.781 Loaded shared library C:\Users\samie\Documents\javafx-sdk-21\bin\javafx_font.dll

Deoptimization events (20 events):
Event: 3.785 Thread 0x00000253889133f0 Uncommon trap: trap_request=0xffffff6e fr.pc=0x000002532d94dadc relative=0x000000000000043c
Event: 3.785 Thread 0x00000253889133f0 Uncommon trap: reason=loop_limit_check action=maybe_recompile pc=0x000002532d94dadc method=java.lang.StringLatin1.indexOf([BI[BII)I @ 37 c2
Event: 3.785 Thread 0x00000253889133f0 DEOPT PACKING pc=0x000002532d94dadc sp=0x000000f0ae2fd2a0
Event: 3.785 Thread 0x00000253889133f0 DEOPT UNPACKING pc=0x000002532d2f5202 sp=0x000000f0ae2fd200 mode 2
Event: 3.786 Thread 0x00000253889133f0 Uncommon trap: trap_request=0xfffffff4 fr.pc=0x000002532d980558 relative=0x0000000000000338
Event: 3.786 Thread 0x00000253889133f0 Uncommon trap: reason=null_check action=make_not_entrant pc=0x000002532d980558 method=java.util.Arrays.fill([Ljava/lang/Object;Ljava/lang/Object;)V @ 13 c2
Event: 3.786 Thread 0x00000253889133f0 DEOPT PACKING pc=0x000002532d980558 sp=0x000000f0ae2fd930
Event: 3.786 Thread 0x00000253889133f0 DEOPT UNPACKING pc=0x000002532d2f5202 sp=0x000000f0ae2fd8d0 mode 2
Event: 3.790 Thread 0x00000253889133f0 Uncommon trap: trap_request=0xffffffde fr.pc=0x000002532d98e27c relative=0x00000000000015dc
Event: 3.790 Thread 0x00000253889133f0 Uncommon trap: reason=class_check action=maybe_recompile pc=0x000002532d98e27c method=java.io.BufferedInputStream.read([BII)I @ 100 c2
Event: 3.790 Thread 0x00000253889133f0 DEOPT PACKING pc=0x000002532d98e27c sp=0x000000f0ae2fd7b0
Event: 3.790 Thread 0x00000253889133f0 DEOPT UNPACKING pc=0x000002532d2f5202 sp=0x000000f0ae2fd700 mode 2
Event: 3.791 Thread 0x00000253889133f0 Uncommon trap: trap_request=0xffffffde fr.pc=0x000002532d98e27c relative=0x00000000000015dc
Event: 3.791 Thread 0x00000253889133f0 Uncommon trap: reason=class_check action=maybe_recompile pc=0x000002532d98e27c method=java.io.BufferedInputStream.read([BII)I @ 100 c2
Event: 3.791 Thread 0x00000253889133f0 DEOPT PACKING pc=0x000002532d98e27c sp=0x000000f0ae2fd7b0
Event: 3.791 Thread 0x00000253889133f0 DEOPT UNPACKING pc=0x000002532d2f5202 sp=0x000000f0ae2fd700 mode 2
Event: 3.792 Thread 0x00000253889133f0 Uncommon trap: trap_request=0xffffffde fr.pc=0x000002532d98e27c relative=0x00000000000015dc
Event: 3.792 Thread 0x00000253889133f0 Uncommon trap: reason=class_check action=maybe_recompile pc=0x000002532d98e27c method=java.io.BufferedInputStream.read([BII)I @ 100 c2
Event: 3.792 Thread 0x00000253889133f0 DEOPT PACKING pc=0x000002532d98e27c sp=0x000000f0ae2fd7b0
Event: 3.792 Thread 0x00000253889133f0 DEOPT UNPACKING pc=0x000002532d2f5202 sp=0x000000f0ae2fd700 mode 2

Classes loaded (20 events):
Event: 3.777 Loading class java/text/CharacterIterator
Event: 3.777 Loading class java/text/CharacterIterator done
Event: 3.779 Loading class java/io/FilenameFilter
Event: 3.779 Loading class java/io/FilenameFilter done
Event: 3.795 Loading class java/util/AbstractList$RandomAccessSubList
Event: 3.795 Loading class java/util/AbstractList$SubList
Event: 3.795 Loading class java/util/AbstractList$SubList done
Event: 3.795 Loading class java/util/AbstractList$RandomAccessSubList done
Event: 3.795 Loading class java/util/AbstractList$SubList$1
Event: 3.795 Loading class java/util/AbstractList$SubList$1 done
Event: 3.820 Loading class java/util/WeakHashMap$Values
Event: 3.820 Loading class java/util/WeakHashMap$Values done
Event: 3.820 Loading class java/util/WeakHashMap$ValueIterator
Event: 3.820 Loading class java/util/WeakHashMap$HashIterator
Event: 3.820 Loading class java/util/WeakHashMap$HashIterator done
Event: 3.820 Loading class java/util/WeakHashMap$ValueIterator done
Event: 3.820 Loading class java/util/WeakHashMap$KeyIterator
Event: 3.820 Loading class java/util/WeakHashMap$KeyIterator done
Event: 3.821 Loading class java/util/EventListener
Event: 3.821 Loading class java/util/EventListener done

Classes unloaded (0 events):
No events

Classes redefined (0 events):
No events

Internal exceptions (20 events):
Event: 1.171 Thread 0x000002531b047e50 Exception <a 'java/lang/NoSuchMethodError'{0x000000061f55a8e8}: 'void java.lang.invoke.DirectMethodHandle$Holder.invokeVirtual(java.lang.Object, java.lang.Object)'> (0x000000061f55a8e8) 
thrown [s\open\src\hotspot\share\interpreter\linkResolver.cpp, line 805]
Event: 1.225 Thread 0x000002531b047e50 Exception <a 'java/lang/IncompatibleClassChangeError'{0x000000061f143140}: Found class java.lang.Object, but interface was expected> (0x000000061f143140) 
thrown [s\open\src\hotspot\share\interpreter\linkResolver.cpp, line 872]
Event: 1.226 Thread 0x000002531b047e50 Exception <a 'java/lang/NoSuchMethodError'{0x000000061f161628}: 'void java.lang.invoke.DirectMethodHandle$Holder.invokeSpecial(java.lang.Object, java.lang.Object, java.lang.Object, java.lang.Object, java.lang.Object)'> (0x000000061f161628) 
thrown [s\open\src\hotspot\share\interpreter\linkResolver.cpp, line 805]
Event: 1.231 Thread 0x000002531b047e50 Exception <a 'java/lang/NoSuchMethodError'{0x000000061f1d6f20}: 'long java.lang.invoke.DirectMethodHandle$Holder.invokeSpecial(java.lang.Object, java.lang.Object)'> (0x000000061f1d6f20) 
thrown [s\open\src\hotspot\share\interpreter\linkResolver.cpp, line 805]
Event: 1.232 Thread 0x000002531b047e50 Exception <a 'java/lang/NoSuchMethodError'{0x000000061f1dedd8}: 'long java.lang.invoke.Invokers$Holder.invokeExact_MT(java.lang.Object, java.lang.Object)'> (0x000000061f1dedd8) 
thrown [s\open\src\hotspot\share\interpreter\linkResolver.cpp, line 805]
Event: 1.249 Thread 0x000002531b047e50 Exception <a 'java/lang/NoSuchMethodError'{0x000000061f3312f0}: 'void java.lang.invoke.DirectMethodHandle$Holder.invokeInterface(java.lang.Object, java.lang.Object, java.lang.Object, java.lang.Object)'> (0x000000061f3312f0) 
thrown [s\open\src\hotspot\share\interpreter\linkResolver.cpp, line 805]
Event: 1.249 Thread 0x000002531b047e50 Exception <a 'java/lang/IncompatibleClassChangeError'{0x000000061f3390a8}: Found class java.lang.Object, but interface was expected> (0x000000061f3390a8) 
thrown [s\open\src\hotspot\share\interpreter\linkResolver.cpp, line 872]
Event: 1.259 Thread 0x000002531b047e50 Exception <a 'java/lang/NoSuchMethodError'{0x000000061f3f3930}: 'int java.lang.invoke.DirectMethodHandle$Holder.invokeStatic(java.lang.Object, java.lang.Object, java.lang.Object, java.lang.Object, java.lang.Object)'> (0x000000061f3f3930) 
thrown [s\open\src\hotspot\share\interpreter\linkResolver.cpp, line 805]
Event: 1.264 Thread 0x000002531b047e50 Exception <a 'java/lang/NoSuchMethodError'{0x000000061ec794c0}: 'void java.lang.invoke.DirectMethodHandle$Holder.invokeStaticInit(java.lang.Object)'> (0x000000061ec794c0) 
thrown [s\open\src\hotspot\share\interpreter\linkResolver.cpp, line 805]
Event: 1.298 Thread 0x000002531b047e50 Exception <a 'java/lang/IncompatibleClassChangeError'{0x000000061e8201c8}: Found class java.lang.Object, but interface was expected> (0x000000061e8201c8) 
thrown [s\open\src\hotspot\share\interpreter\linkResolver.cpp, line 872]
Event: 1.329 Thread 0x000002531b047e50 Exception <a 'java/lang/NoSuchMethodError'{0x000000061e9b5a40}: 'java.lang.Object java.lang.invoke.DirectMethodHandle$Holder.invokeStatic(java.lang.Object, int, java.lang.Object)'> (0x000000061e9b5a40) 
thrown [s\open\src\hotspot\share\interpreter\linkResolver.cpp, line 805]
Event: 1.333 Thread 0x000002531b047e50 Exception <a 'java/lang/ClassNotFoundException'{0x000000061e9f58b0}: sun/util/logging/resources/spi/loggingProvider> (0x000000061e9f58b0) 
thrown [s\open\src\hotspot\share\classfile\systemDictionary.cpp, line 327]
Event: 1.553 Thread 0x000002531b047e50 Exception <a 'java/lang/NoSuchMethodError'{0x000000061e4566e8}: 'int java.lang.invoke.DirectMethodHandle$Holder.invokeStaticInit(java.lang.Object, java.lang.Object, java.lang.Object)'> (0x000000061e4566e8) 
thrown [s\open\src\hotspot\share\interpreter\linkResolver.cpp, line 805]
Event: 1.564 Thread 0x000002531b047e50 Exception <a 'java/lang/NoSuchMethodError'{0x000000061e604428}: 'java.lang.Object java.lang.invoke.DirectMethodHandle$Holder.newInvokeSpecial(java.lang.Object, java.lang.Object, int, java.lang.Object)'> (0x000000061e604428) 
thrown [s\open\src\hotspot\share\interpreter\linkResolver.cpp, line 805]
Event: 3.696 Thread 0x000002531b047e50 Exception <a 'java/lang/NoSuchMethodError'{0x000000061e658d50}: 'java.lang.Object java.lang.invoke.DirectMethodHandle$Holder.invokeInterface(java.lang.Object, java.lang.Object, java.lang.Object, java.lang.Object, java.lang.Object)'> (0x000000061e658d50) 
thrown [s\open\src\hotspot\share\interpreter\linkResolver.cpp, line 805]
Event: 3.696 Thread 0x000002531b047e50 Exception <a 'java/lang/IncompatibleClassChangeError'{0x000000061e661190}: Found class java.lang.Object, but interface was expected> (0x000000061e661190) 
thrown [s\open\src\hotspot\share\interpreter\linkResolver.cpp, line 872]
Event: 3.735 Thread 0x00000253889133f0 Exception <a 'java/lang/NoSuchMethodError'{0x0000000620ca59a8}: 'java.lang.Object java.lang.invoke.DirectMethodHandle$Holder.invokeStaticInit(java.lang.Object, java.lang.Object, java.lang.Object, java.lang.Object)'> (0x0000000620ca59a8) 
thrown [s\open\src\hotspot\share\interpreter\linkResolver.cpp, line 805]
Event: 3.736 Thread 0x00000253889133f0 Exception <a 'java/lang/NullPointerException'{0x0000000620cbda60}> (0x0000000620cbda60) 
thrown [s\open\src\hotspot\share\interpreter\linkResolver.cpp, line 1417]
Event: 3.786 Thread 0x00000253889133f0 Implicit null exception at 0x000002532d980256 to 0x000002532d980548
Event: 3.821 Thread 0x00000253889133f0 Exception <a 'java/lang/NoSuchMethodError'{0x0000000620bcb7c0}: 'void java.lang.invoke.DirectMethodHandle$Holder.invokeStaticInit(java.lang.Object, java.lang.Object)'> (0x0000000620bcb7c0) 
thrown [s\open\src\hotspot\share\interpreter\linkResolver.cpp, line 805]

VM Operations (20 events):
Event: 1.121 Executing VM operation: HandshakeAllThreads (Deoptimize)
Event: 1.121 Executing VM operation: HandshakeAllThreads (Deoptimize) done
Event: 1.142 Executing VM operation: HandshakeAllThreads (Deoptimize)
Event: 1.142 Executing VM operation: HandshakeAllThreads (Deoptimize) done
Event: 1.166 Executing VM operation: HandshakeAllThreads (Deoptimize)
Event: 1.166 Executing VM operation: HandshakeAllThreads (Deoptimize) done
Event: 1.169 Executing VM operation: HandshakeAllThreads (Deoptimize)
Event: 1.169 Executing VM operation: HandshakeAllThreads (Deoptimize) done
Event: 1.226 Executing VM operation: HandshakeAllThreads (Deoptimize)
Event: 1.226 Executing VM operation: HandshakeAllThreads (Deoptimize) done
Event: 1.231 Executing VM operation: HandshakeAllThreads (Deoptimize)
Event: 1.231 Executing VM operation: HandshakeAllThreads (Deoptimize) done
Event: 1.302 Executing VM operation: HandshakeAllThreads (Deoptimize)
Event: 1.302 Executing VM operation: HandshakeAllThreads (Deoptimize) done
Event: 1.324 Executing VM operation: HandshakeAllThreads (Deoptimize)
Event: 1.324 Executing VM operation: HandshakeAllThreads (Deoptimize) done
Event: 1.559 Executing VM operation: HandshakeAllThreads (Deoptimize)
Event: 1.559 Executing VM operation: HandshakeAllThreads (Deoptimize) done
Event: 3.718 Executing VM operation: G1CollectForAllocation (G1 Evacuation Pause)
Event: 3.721 Executing VM operation: G1CollectForAllocation (G1 Evacuation Pause) done

Memory protections (0 events):
No events

Nmethod flushes (0 events):
No events

Events (20 events):
Event: 0.804 Thread 0x000002531b047e50 Thread added: 0x00000253426e3a40
Event: 0.807 Thread 0x000002531b047e50 Thread added: 0x00000253426ea9b0
Event: 0.814 Thread 0x000002533f7d9890 Thread added: 0x000002533f7dbe60
Event: 0.814 Thread 0x000002533f7d9890 Thread added: 0x000002533f7d9100
Event: 0.814 Thread 0x000002533f7d9890 Thread added: 0x000002533f7da7b0
Event: 0.917 Thread 0x000002531b047e50 Thread added: 0x0000025388068330
Event: 1.133 Thread 0x000002533f7da7b0 Thread added: 0x000002533f7d8970
Event: 1.432 Thread 0x000002531b047e50 Thread added: 0x00000253888634e0
Event: 1.552 Thread 0x000002533f7d8970 Thread exited: 0x000002533f7d8970
Event: 1.563 Thread 0x000002531b047e50 Thread added: 0x0000025388911d70
Event: 1.565 Thread 0x000002531b047e50 Thread added: 0x00000253889133f0
Event: 2.681 Thread 0x000002533f7da7b0 Thread exited: 0x000002533f7da7b0
Event: 2.682 Thread 0x000002533f7d9100 Thread exited: 0x000002533f7d9100
Event: 3.693 Thread 0x000002533f7dbe60 Thread exited: 0x000002533f7dbe60
Event: 3.712 Thread 0x00000253892f3570 Thread added: 0x00000253892f3570
Event: 3.788 Thread 0x0000025342651fc0 Thread added: 0x000002533f7d9100
Event: 3.791 Thread 0x000002533f7d9890 Thread added: 0x000002533f7da020
Event: 3.791 Thread 0x0000025342651fc0 Thread added: 0x000002533f7daf40
Event: 3.791 Thread 0x0000025342651fc0 Thread added: 0x000002533f7da7b0
Event: 4.864 Thread 0x000002533f7d9100 Thread exited: 0x000002533f7d9100


Dynamic libraries:
0x00007ff69adc0000 - 0x00007ff69add0000 	C:\Program Files\Java\jdk-24\bin\javaw.exe
0x00007ffd4b8e0000 - 0x00007ffd4bb46000 	C:\WINDOWS\SYSTEM32\ntdll.dll
0x00007ffd49ff0000 - 0x00007ffd4a0b9000 	C:\WINDOWS\System32\KERNEL32.DLL
0x00007ffd49250000 - 0x00007ffd4964a000 	C:\WINDOWS\System32\KERNELBASE.dll
0x00007ffd48ed0000 - 0x00007ffd4901c000 	C:\WINDOWS\System32\ucrtbase.dll
0x00007ffca5c90000 - 0x00007ffca5ca6000 	C:\Program Files\Java\jdk-24\bin\jli.dll
0x00007ffca5c30000 - 0x00007ffca5c4b000 	C:\Program Files\Java\jdk-24\bin\VCRUNTIME140.dll
0x00007ffd4b410000 - 0x00007ffd4b5d7000 	C:\WINDOWS\System32\USER32.dll
0x00007ffd48d70000 - 0x00007ffd48d97000 	C:\WINDOWS\System32\win32u.dll
0x00007ffd30300000 - 0x00007ffd30592000 	C:\WINDOWS\WinSxS\amd64_microsoft.windows.common-controls_6595b64144ccf1df_6.0.26100.8521_none_3e08b75ce33403b3\COMCTL32.dll
0x00007ffd49e60000 - 0x00007ffd49e8b000 	C:\WINDOWS\System32\GDI32.dll
0x00007ffd4a0c0000 - 0x00007ffd4a169000 	C:\WINDOWS\System32\msvcrt.dll
0x00007ffd48da0000 - 0x00007ffd48ecb000 	C:\WINDOWS\System32\gdi32full.dll
0x00007ffd48c00000 - 0x00007ffd48ca3000 	C:\WINDOWS\System32\msvcp_win.dll
0x00007ffd4a930000 - 0x00007ffd4a962000 	C:\WINDOWS\System32\IMM32.DLL
0x00007ffd277c0000 - 0x00007ffd277cc000 	C:\Program Files\Java\jdk-24\bin\vcruntime140_1.dll
0x00007ffc3d5e0000 - 0x00007ffc3d66e000 	C:\Program Files\Java\jdk-24\bin\msvcp140.dll
0x00007ffc21f40000 - 0x00007ffc22ce2000 	C:\Program Files\Java\jdk-24\bin\server\jvm.dll
0x00007ffd4a1b0000 - 0x00007ffd4a266000 	C:\WINDOWS\System32\ADVAPI32.dll
0x00007ffd4a870000 - 0x00007ffd4a91a000 	C:\WINDOWS\System32\sechost.dll
0x00007ffd4ab50000 - 0x00007ffd4ac68000 	C:\WINDOWS\System32\RPCRT4.dll
0x00007ffd4a290000 - 0x00007ffd4a310000 	C:\WINDOWS\System32\WS2_32.dll
0x00007ffd41c70000 - 0x00007ffd41c7b000 	C:\WINDOWS\SYSTEM32\VERSION.dll
0x00007ffd489d0000 - 0x00007ffd48a2e000 	C:\WINDOWS\SYSTEM32\POWRPROF.dll
0x00007ffd3ab40000 - 0x00007ffd3ab76000 	C:\WINDOWS\SYSTEM32\WINMM.dll
0x00007ffd489b0000 - 0x00007ffd489c4000 	C:\WINDOWS\SYSTEM32\UMPDC.dll
0x00007ffd47900000 - 0x00007ffd4791b000 	C:\WINDOWS\SYSTEM32\kernel.appcore.dll
0x00007ffd0e930000 - 0x00007ffd0e93a000 	C:\Program Files\Java\jdk-24\bin\jimage.dll
0x00007ffd38320000 - 0x00007ffd38562000 	C:\WINDOWS\SYSTEM32\DBGHELP.DLL
0x00007ffd4aee0000 - 0x00007ffd4b263000 	C:\WINDOWS\System32\combase.dll
0x00007ffd4a970000 - 0x00007ffd4aa49000 	C:\WINDOWS\System32\OLEAUT32.dll
0x00007ffd2f500000 - 0x00007ffd2f53b000 	C:\WINDOWS\SYSTEM32\dbgcore.DLL
0x00007ffd49020000 - 0x00007ffd490c8000 	C:\WINDOWS\System32\bcryptPrimitives.dll
0x00007ffca5c10000 - 0x00007ffca5c2e000 	C:\Program Files\Java\jdk-24\bin\java.dll
0x00007ffd4b270000 - 0x00007ffd4b408000 	C:\WINDOWS\System32\ole32.dll
0x00007ffd49650000 - 0x00007ffd49dd4000 	C:\WINDOWS\System32\SHELL32.dll
0x00007ffd46770000 - 0x00007ffd46ff0000 	C:\WINDOWS\SYSTEM32\windows.storage.dll
0x00007ffd4aa50000 - 0x00007ffd4ab46000 	C:\WINDOWS\System32\SHCORE.dll
0x00007ffd49df0000 - 0x00007ffd49e57000 	C:\WINDOWS\System32\shlwapi.dll
0x00007ffd48a90000 - 0x00007ffd48ab9000 	C:\WINDOWS\SYSTEM32\profapi.dll
0x00007ffc3d500000 - 0x00007ffc3d5d7000 	C:\Program Files\Java\jdk-24\bin\jsvml.dll
0x00007ffd056a0000 - 0x00007ffd056b0000 	C:\Program Files\Java\jdk-24\bin\net.dll
0x00007ffd47e70000 - 0x00007ffd47edc000 	C:\WINDOWS\system32\mswsock.dll
0x00007ffca5a70000 - 0x00007ffca5a86000 	C:\Program Files\Java\jdk-24\bin\nio.dll
0x00007ffca5a50000 - 0x00007ffca5a67000 	C:\Program Files\Java\jdk-24\bin\zip.dll
0x00007ffd47300000 - 0x00007ffd47333000 	C:\WINDOWS\SYSTEM32\IPHLPAPI.DLL
0x00007ffd4b840000 - 0x00007ffd4b84a000 	C:\WINDOWS\System32\NSI.dll
0x00007ffd04050000 - 0x00007ffd04059000 	C:\Program Files\Java\jdk-24\bin\extnet.dll
0x00007ffd03940000 - 0x00007ffd03950000 	C:\Program Files\Java\jdk-24\bin\verify.dll
0x000002531b360000 - 0x000002531b363000 	C:\Users\samie\Documents\javafx-sdk-21\bin\api-ms-win-core-console-l1-1-0.dll
0x000002531b370000 - 0x000002531b373000 	C:\Users\samie\Documents\javafx-sdk-21\bin\api-ms-win-core-console-l1-2-0.dll
0x000002531b380000 - 0x000002531b383000 	C:\Users\samie\Documents\javafx-sdk-21\bin\api-ms-win-core-datetime-l1-1-0.dll
0x000002531b390000 - 0x000002531b393000 	C:\Users\samie\Documents\javafx-sdk-21\bin\api-ms-win-core-debug-l1-1-0.dll
0x000002531b3a0000 - 0x000002531b3a3000 	C:\Users\samie\Documents\javafx-sdk-21\bin\api-ms-win-core-errorhandling-l1-1-0.dll
0x000002531b3b0000 - 0x000002531b3b4000 	C:\Users\samie\Documents\javafx-sdk-21\bin\api-ms-win-core-file-l1-1-0.dll
0x000002531b3c0000 - 0x000002531b3c3000 	C:\Users\samie\Documents\javafx-sdk-21\bin\api-ms-win-core-file-l1-2-0.dll
0x000002531b6f0000 - 0x000002531b6f3000 	C:\Users\samie\Documents\javafx-sdk-21\bin\api-ms-win-core-file-l2-1-0.dll
0x0000025342b20000 - 0x0000025342b23000 	C:\Users\samie\Documents\javafx-sdk-21\bin\api-ms-win-core-handle-l1-1-0.dll
0x0000025342b30000 - 0x0000025342b33000 	C:\Users\samie\Documents\javafx-sdk-21\bin\api-ms-win-core-heap-l1-1-0.dll
0x0000025342b40000 - 0x0000025342b43000 	C:\Users\samie\Documents\javafx-sdk-21\bin\api-ms-win-core-interlocked-l1-1-0.dll
0x0000025342b50000 - 0x0000025342b53000 	C:\Users\samie\Documents\javafx-sdk-21\bin\api-ms-win-core-libraryloader-l1-1-0.dll
0x0000025342b60000 - 0x0000025342b63000 	C:\Users\samie\Documents\javafx-sdk-21\bin\api-ms-win-core-localization-l1-2-0.dll
0x0000025342b70000 - 0x0000025342b73000 	C:\Users\samie\Documents\javafx-sdk-21\bin\api-ms-win-core-memory-l1-1-0.dll
0x0000025342b80000 - 0x0000025342b83000 	C:\Users\samie\Documents\javafx-sdk-21\bin\api-ms-win-core-namedpipe-l1-1-0.dll
0x0000025342b90000 - 0x0000025342b93000 	C:\Users\samie\Documents\javafx-sdk-21\bin\api-ms-win-core-processenvironment-l1-1-0.dll
0x0000025342ba0000 - 0x0000025342ba3000 	C:\Users\samie\Documents\javafx-sdk-21\bin\api-ms-win-core-processthreads-l1-1-0.dll
0x0000025342bb0000 - 0x0000025342bb3000 	C:\Users\samie\Documents\javafx-sdk-21\bin\api-ms-win-core-processthreads-l1-1-1.dll
0x0000025342bc0000 - 0x0000025342bc3000 	C:\Users\samie\Documents\javafx-sdk-21\bin\api-ms-win-core-profile-l1-1-0.dll
0x0000025342bd0000 - 0x0000025342bd3000 	C:\Users\samie\Documents\javafx-sdk-21\bin\api-ms-win-core-rtlsupport-l1-1-0.dll
0x0000025342be0000 - 0x0000025342be3000 	C:\Users\samie\Documents\javafx-sdk-21\bin\api-ms-win-core-string-l1-1-0.dll
0x0000025342bf0000 - 0x0000025342bf3000 	C:\Users\samie\Documents\javafx-sdk-21\bin\api-ms-win-core-synch-l1-1-0.dll
0x0000025342c00000 - 0x0000025342c03000 	C:\Users\samie\Documents\javafx-sdk-21\bin\api-ms-win-core-synch-l1-2-0.dll
0x0000025342c10000 - 0x0000025342c13000 	C:\Users\samie\Documents\javafx-sdk-21\bin\api-ms-win-core-sysinfo-l1-1-0.dll
0x0000025342c20000 - 0x0000025342c23000 	C:\Users\samie\Documents\javafx-sdk-21\bin\api-ms-win-core-timezone-l1-1-0.dll
0x0000025342c30000 - 0x0000025342c33000 	C:\Users\samie\Documents\javafx-sdk-21\bin\api-ms-win-core-util-l1-1-0.dll
0x0000025342c40000 - 0x0000025342c43000 	C:\Users\samie\Documents\javafx-sdk-21\bin\api-ms-win-crt-conio-l1-1-0.dll
0x0000025342c50000 - 0x0000025342c54000 	C:\Users\samie\Documents\javafx-sdk-21\bin\api-ms-win-crt-convert-l1-1-0.dll
0x0000025342c60000 - 0x0000025342c63000 	C:\Users\samie\Documents\javafx-sdk-21\bin\api-ms-win-crt-environment-l1-1-0.dll
0x0000025342c70000 - 0x0000025342c73000 	C:\Users\samie\Documents\javafx-sdk-21\bin\api-ms-win-crt-filesystem-l1-1-0.dll
0x0000025342c80000 - 0x0000025342c83000 	C:\Users\samie\Documents\javafx-sdk-21\bin\api-ms-win-crt-heap-l1-1-0.dll
0x0000025342c90000 - 0x0000025342c93000 	C:\Users\samie\Documents\javafx-sdk-21\bin\api-ms-win-crt-locale-l1-1-0.dll
0x0000025342ca0000 - 0x0000025342ca5000 	C:\Users\samie\Documents\javafx-sdk-21\bin\api-ms-win-crt-math-l1-1-0.dll
0x0000025342cb0000 - 0x0000025342cb5000 	C:\Users\samie\Documents\javafx-sdk-21\bin\api-ms-win-crt-multibyte-l1-1-0.dll
0x0000025342cc0000 - 0x0000025342cd0000 	C:\Users\samie\Documents\javafx-sdk-21\bin\api-ms-win-crt-private-l1-1-0.dll
0x0000025342cd0000 - 0x0000025342cd3000 	C:\Users\samie\Documents\javafx-sdk-21\bin\api-ms-win-crt-process-l1-1-0.dll
0x0000025342ce0000 - 0x0000025342ce4000 	C:\Users\samie\Documents\javafx-sdk-21\bin\api-ms-win-crt-runtime-l1-1-0.dll
0x0000025342cf0000 - 0x0000025342cf4000 	C:\Users\samie\Documents\javafx-sdk-21\bin\api-ms-win-crt-stdio-l1-1-0.dll
0x0000025342d00000 - 0x0000025342d04000 	C:\Users\samie\Documents\javafx-sdk-21\bin\api-ms-win-crt-string-l1-1-0.dll
0x0000025342d10000 - 0x0000025342d13000 	C:\Users\samie\Documents\javafx-sdk-21\bin\api-ms-win-crt-time-l1-1-0.dll
0x0000025342d20000 - 0x0000025342d23000 	C:\Users\samie\Documents\javafx-sdk-21\bin\api-ms-win-crt-utility-l1-1-0.dll
0x00007ffc23080000 - 0x00007ffc2317c000 	C:\Users\samie\Documents\javafx-sdk-21\bin\ucrtbase.dll
0x00007ffca5a30000 - 0x00007ffca5a4b000 	C:\Users\samie\Documents\javafx-sdk-21\bin\vcruntime140.dll
0x00007ffcf4b40000 - 0x00007ffcf4b4c000 	C:\Users\samie\Documents\javafx-sdk-21\bin\vcruntime140_1.dll
0x00007ffc3d340000 - 0x00007ffc3d3ce000 	C:\Users\samie\Documents\javafx-sdk-21\bin\msvcp140.dll
0x00007ffcf0820000 - 0x00007ffcf0829000 	C:\Users\samie\Documents\javafx-sdk-21\bin\msvcp140_1.dll
0x00007ffca5920000 - 0x00007ffca594f000 	C:\Users\samie\Documents\javafx-sdk-21\bin\msvcp140_2.dll
0x00007ffca5890000 - 0x00007ffca58bf000 	C:\Users\samie\Documents\javafx-sdk-21\bin\prism_d3d.dll
0x00007ffd25270000 - 0x00007ffd25421000 	C:\WINDOWS\system32\d3d9.dll
0x00007ffd460c0000 - 0x00007ffd460ef000 	C:\WINDOWS\SYSTEM32\dwmapi.dll
0x00007ffd45f10000 - 0x00007ffd45f54000 	C:\WINDOWS\SYSTEM32\dxcore.dll
0x00007ffd45e10000 - 0x00007ffd45eba000 	C:\WINDOWS\system32\uxtheme.dll
0x00007ffd41c80000 - 0x00007ffd41d44000 	C:\WINDOWS\System32\DriverStore\FileRepository\nv_dispig.inf_amd64_f4c7a2fd13e0f763\nvldumdx.dll
0x00007ffd48280000 - 0x00007ffd48293000 	C:\WINDOWS\SYSTEM32\msasn1.dll
0x00007ffd41c30000 - 0x00007ffd41c6b000 	C:\WINDOWS\SYSTEM32\cryptnet.dll
0x00007ffd490d0000 - 0x00007ffd49248000 	C:\WINDOWS\System32\CRYPT32.dll
0x00007ffd48170000 - 0x00007ffd4817c000 	C:\WINDOWS\SYSTEM32\cryptbase.dll
0x00007ffd48210000 - 0x00007ffd4827a000 	C:\WINDOWS\SYSTEM32\wldp.dll
0x00007ffd41900000 - 0x00007ffd41a78000 	C:\WINDOWS\SYSTEM32\drvstore.dll
0x00007ffd486b0000 - 0x00007ffd486dd000 	C:\WINDOWS\SYSTEM32\devobj.dll
0x00007ffd486e0000 - 0x00007ffd48731000 	C:\WINDOWS\SYSTEM32\cfgmgr32.dll
0x00007ffd48b70000 - 0x00007ffd48bf3000 	C:\WINDOWS\System32\wintrust.dll
0x00007ffd4a180000 - 0x00007ffd4a1a0000 	C:\WINDOWS\System32\imagehlp.dll
0x00007ffd48150000 - 0x00007ffd4816b000 	C:\WINDOWS\SYSTEM32\CRYPTSP.dll
0x00007ffd47860000 - 0x00007ffd47899000 	C:\WINDOWS\system32\rsaenh.dll
0x00007ffd48a60000 - 0x00007ffd48a8a000 	C:\WINDOWS\SYSTEM32\bcrypt.dll
0x00007ffd3c710000 - 0x00007ffd4140f000 	C:\WINDOWS\System32\DriverStore\FileRepository\nv_dispig.inf_amd64_f4c7a2fd13e0f763\nvgpucomp64.dll
0x00007ffd3a490000 - 0x00007ffd3a5c0000 	C:\WINDOWS\System32\DriverStore\FileRepository\nv_dispig.inf_amd64_f4c7a2fd13e0f763\NvMemMapStoragex.dll
0x00007ffcbfb10000 - 0x00007ffcc1e33000 	C:\WINDOWS\System32\DriverStore\FileRepository\nv_dispig.inf_amd64_f4c7a2fd13e0f763\nvd3dumx.dll
0x00007ffd42910000 - 0x00007ffd4296f000 	C:\WINDOWS\SYSTEM32\directxdatabasehelper.dll
0x00007ffc9c0f0000 - 0x00007ffc9c132000 	C:\Users\samie\Documents\javafx-sdk-21\bin\glass.dll
0x00007ffd4ade0000 - 0x00007ffd4aed2000 	C:\WINDOWS\System32\COMDLG32.dll
0x00007ffd49e90000 - 0x00007ffd49fed000 	C:\WINDOWS\System32\MSCTF.dll
0x00007ffd16810000 - 0x00007ffd16957000 	C:\WINDOWS\system32\nvspcap64.dll
0x00007ffd47a20000 - 0x00007ffd47a56000 	C:\WINDOWS\SYSTEM32\ntmarta.dll
0x00007ffd47ee0000 - 0x00007ffd47f0f000 	C:\WINDOWS\SYSTEM32\gpapi.dll
0x00007ffd0c970000 - 0x00007ffd0cb27000 	C:\WINDOWS\System32\DriverStore\FileRepository\nv_dispig.inf_amd64_f4c7a2fd13e0f763\nvppex.dll
0x00007ffca5870000 - 0x00007ffca5884000 	C:\Users\samie\Documents\javafx-sdk-21\bin\javafx_font.dll
0x00007ffd44630000 - 0x00007ffd44897000 	C:\WINDOWS\SYSTEM32\dwrite.dll

JVMTI agents: none

dbghelp: loaded successfully - version: 4.0.5 - missing functions: none
symbol engine: initialized successfully - sym options: 0x614 - pdb path: .;C:\Program Files\Java\jdk-24\bin;C:\WINDOWS\SYSTEM32;C:\WINDOWS\WinSxS\amd64_microsoft.windows.common-controls_6595b64144ccf1df_6.0.26100.8521_none_3e08b75ce33403b3;C:\Program Files\Java\jdk-24\bin\server;C:\Users\samie\Documents\javafx-sdk-21\bin;C:\WINDOWS\System32\DriverStore\FileRepository\nv_dispig.inf_amd64_f4c7a2fd13e0f763

VM Arguments:
jvm_args: -ea -Dfile.encoding=UTF-8 -Dstdout.encoding=UTF-8 -Dstderr.encoding=UTF-8 -XX:+ShowCodeDetailsInExceptionMessages 
java_command: org.eclipse.jdt.internal.junit.runner.RemoteTestRunner -version 3 -port 63017 -testLoaderClass org.eclipse.jdt.internal.junit5.runner.JUnit5TestLoader -loaderpluginname org.eclipse.jdt.junit5.runtime -classNames graphVisualizer.VisualizerLayoutTest
java_class_path (initial): C:\Users\samie\eclipse-workspace\PROFPaligs\bin;C:\Users\samie\Documents\javafx-sdk-21\lib\javafx.base.jar;C:\Users\samie\Documents\javafx-sdk-21\lib\javafx.controls.jar;C:\Users\samie\Documents\javafx-sdk-21\lib\javafx.fxml.jar;C:\Users\samie\Documents\javafx-sdk-21\lib\javafx.graphics.jar;C:\Users\samie\Documents\javafx-sdk-21\lib\javafx.media.jar;C:\Users\samie\Documents\javafx-sdk-21\lib\javafx.swing.jar;C:\Users\samie\Documents\javafx-sdk-21\lib\javafx.web.jar;C:\Users\samie\Documents\javafx-sdk-21\lib\javafx-swt.jar;C:\Users\samie\.p2\pool\plugins\junit-jupiter-api_5.14.4.jar;C:\Users\samie\.p2\pool\plugins\junit-jupiter-engine_5.14.4.jar;C:\Users\samie\.p2\pool\plugins\junit-jupiter-migrationsupport_5.12.2.jar;C:\Users\samie\.p2\pool\plugins\junit-jupiter-params_5.14.4.jar;C:\Users\samie\.p2\pool\plugins\junit-platform-commons_1.14.4.jar;C:\Users\samie\.p2\pool\plugins\junit-platform-engine_1.14.4.jar;C:\Users\samie\.p2\pool\plugins\junit-platform-launcher_1.14.4.jar;C:\Users\samie\.p2\pool\plugins\junit-platform-runner_1.14.4.jar;C:\Users\samie\.p2\pool\plugins\junit-platform-suite-api_1.14.4.jar;C:\Users\samie\.p2\pool\plugins\junit-platform-suite-engine_1.12.2.jar;C:\Users\samie\.p2\pool\plugins\junit-platform-suite-commons_1.14.4.jar;C:\Users\samie\.p2\pool\plugins\junit-vintage-engine_5.12.2.jar;C:\Users\samie\.p2\pool\plugins\org.opentest4j_1.3.0.jar;C:\Users\samie\.p2\pool\plugins\org.apiguardian.api_1.1.2.jar;C:\Users\samie\.p2\pool\plugins\org.junit_4.13.2.v20240929-1000.jar;C:\Users\samie\.p2\pool\plugins\org.hamcrest_3.0.0.jar;C:\Users\samie\eclipse\java-2024-12\eclipse\configuration\org.eclipse.osgi\251\0\.cp;C:\Users\samie\eclipse\java-2024-12\eclipse\configuration\org.eclipse.osgi\713\0\.cp
Launcher Type: SUN_STANDARD

[Global flags]
     intx CICompilerCount                          = 12                                        {product} {ergonomic}
     uint ConcGCThreads                            = 3                                         {product} {ergonomic}
     uint G1ConcRefinementThreads                  = 13                                        {product} {ergonomic}
   size_t G1HeapRegionSize                         = 4194304                                   {product} {ergonomic}
   size_t InitialHeapSize                          = 536870912                                 {product} {ergonomic}
   size_t MarkStackSize                            = 4194304                                   {product} {ergonomic}
   size_t MarkStackSizeMax                         = 536870912                                 {product} {ergonomic}
   size_t MaxHeapSize                              = 8573157376                                {product} {ergonomic}
   size_t MaxNewSize                               = 5142216704                                {product} {ergonomic}
   size_t MinHeapDeltaBytes                        = 4194304                                   {product} {ergonomic}
   size_t MinHeapSize                              = 8388608                                   {product} {ergonomic}
    uintx NonNMethodCodeHeapSize                   = 7602176                                {pd product} {ergonomic}
    uintx NonProfiledCodeHeapSize                  = 122093568                              {pd product} {ergonomic}
    uintx ProfiledCodeHeapSize                     = 121962496                              {pd product} {ergonomic}
    uintx ReservedCodeCacheSize                    = 251658240                              {pd product} {ergonomic}
     bool SegmentedCodeCache                       = true                                      {product} {ergonomic}
     bool ShowCodeDetailsInExceptionMessages       = true                                   {manageable} {command line}
   size_t SoftMaxHeapSize                          = 8573157376                             {manageable} {ergonomic}
     bool UseCompressedOops                        = true                           {product lp64_product} {ergonomic}
     bool UseG1GC                                  = true                                      {product} {ergonomic}
     bool UseLargePagesIndividualAllocation        = false                                  {pd product} {ergonomic}

Logging:
Log output configuration:
 #0: stdout all=warning uptime,level,tags foldmultilines=false
 #1: stderr all=off uptime,level,tags foldmultilines=false

Environment Variables:
PATH=C:/Users/samie/.p2/pool/plugins/org.eclipse.justj.openjdk.hotspot.jre.full.win32.x86_64_23.0.1.v20241024-1700/jre/bin/server;C:/Users/samie/.p2/pool/plugins/org.eclipse.justj.openjdk.hotspot.jre.full.win32.x86_64_23.0.1.v20241024-1700/jre/bin;C:\Python314\Scripts\;C:\Python314\;C:\Program Files\Common Files\Oracle\Java\javapath;C:\Program Files (x86)\Common Files\Oracle\Java\java8path;C:\Program Files (x86)\Common Files\Oracle\Java\javapath;C:\WINDOWS\system32;C:\WINDOWS;C:\WINDOWS\System32\Wbem;C:\WINDOWS\System32\WindowsPowerShell\v1.0\;C:\WINDOWS\System32\OpenSSH\;C:\Program Files\NVIDIA Corporation\NVIDIA App\NvDLISR;C:\Program Files (x86)\NVIDIA Corporation\PhysX\Common;C:\Program Files\dotnet\;C:\Program Files\Git\cmd;C:\Program Files\nodejs\;C:\ProgramData\chocolatey\bin;C:\WINDOWS\system32\config\systemprofile\AppData\Local\Muse Hub\lib;C:\Users\samie\AppData\Local\Programs\Python\Launcher\;C:\Users\samie\AppData\Local\Microsoft\WindowsApps;C:\msys64\ucrt64\bin;C:\Users\samie\AppData\Local\Programs\Microsoft VS Code\bin;C:\Users\samie\AppData\Local\PowerToys\;C:\Users\samie\AppData\Roaming\npm;C:\Users\samie\AppData\Local\Muse Hub\lib;C:\Users\samie\AppData\Local\GitHubDesktop\bin;C:\Users\samie\.dotnet\tools;;C:\Users\samie\eclipse\java-2024-12\eclipse;
USERNAME=samie
OS=Windows_NT
PROCESSOR_IDENTIFIER=AMD64 Family 25 Model 33 Stepping 2, AuthenticAMD
TMP=C:\Users\samie\AppData\Local\Temp
TEMP=C:\Users\samie\AppData\Local\Temp




Periodic native trim disabled

---------------  S Y S T E M  ---------------

OS:
 Windows 11 , 64 bit Build 26100 (10.0.26100.8521)
OS uptime: 5 days 19:42 hours

CPU: total 16 (initial active 16) (16 cores per cpu, 2 threads per core) family 25 model 33 stepping 2 microcode 0xa20120a, cx8, cmov, fxsr, ht, mmx, 3dnowpref, sse, sse2, sse3, ssse3, sse4a, sse4.1, sse4.2, popcnt, lzcnt, tsc, tscinvbit, avx, avx2, aes, erms, clmul, bmi1, bmi2, adx, sha, fma, vzeroupper, clflush, clflushopt, rdtscp, rdpid, fsrm, f16c, pku, cet_ss
Processor Information for the first 16 processors :
  Max Mhz: 3401, Current Mhz: 3401, Mhz Limit: 3401

Memory: 4k page, system-wide physical 32690M (17623M free)
TotalPageFile size 37672M (AvailPageFile size 19M)
current process WorkingSet (physical memory assigned to process): 161M, peak: 161M
current process commit charge ("private bytes"): 706M, peak: 709M

vm_info: Java HotSpot(TM) 64-Bit Server VM (24.0.1+9-30) for windows-amd64 JRE (24.0.1+9-30), built on 2025-03-05T07:23:45Z with MS VC++ 17.6 (VS2022)

END.
