#
# There is insufficient memory for the Java Runtime Environment to continue.
# Native memory allocation (mmap) failed to map 536870912 bytes. Error detail: G1 virtual space
# Possible reasons:
#   The system is out of physical RAM or swap space
#   This process is running with CompressedOops enabled, and the Java Heap may be blocking the growth of the native heap
# Possible solutions:
#   Reduce memory load on the system
#   Increase physical memory or swap space
#   Check if swap backing store is full
#   Decrease Java heap size (-Xmx/-Xms)
#   Decrease number of Java threads
#   Decrease Java thread stack sizes (-Xss)
#   Set larger code cache with -XX:ReservedCodeCacheSize=
#   JVM is running with Zero Based Compressed Oops mode in which the Java heap is
#     placed in the first 32GB address space. The Java Heap base address is the
#     maximum limit for the native heap growth. Please use -XX:HeapBaseMinAddress
#     to set the Java Heap base and to place the Java Heap above 32GB virtual address.
# This output file may be truncated or incomplete.
#
#  Out of Memory Error (os_windows.cpp:3564), pid=12100, tid=34984
#
# JRE version:  (24.0.1+9) (build )
# Java VM: Java HotSpot(TM) 64-Bit Server VM (24.0.1+9-30, mixed mode, sharing, tiered, compressed oops, compressed class ptrs, g1 gc, windows-amd64)
# No core dump will be written. Minidumps are not enabled by default on client versions of Windows
#

---------------  S U M M A R Y ------------

Command Line: -ea -Dfile.encoding=UTF-8 -Dstdout.encoding=UTF-8 -Dstderr.encoding=UTF-8 -XX:+ShowCodeDetailsInExceptionMessages org.eclipse.jdt.internal.junit.runner.RemoteTestRunner -version 3 -port 58690 -testLoaderClass org.eclipse.jdt.internal.junit5.runner.JUnit5TestLoader -loaderpluginname org.eclipse.jdt.junit5.runtime -classNames graphVisualizer.VisualizerLayoutTest

Host: AMD Ryzen 7 5700X 8-Core Processor             , 16 cores, 31G,  Windows 11 , 64 bit Build 26100 (10.0.26100.8521)
Time: Wed Jul 15 15:11:23 2026 FLE Daylight Time elapsed time: 0.111534 seconds (0d 0h 0m 0s)

---------------  T H R E A D  ---------------

Current thread (0x00000215559251f0):  JavaThread "Unknown thread" [_thread_in_vm, id=34984, stack(0x000000bc5dd00000,0x000000bc5de00000) (1024K)]

Stack: [0x000000bc5dd00000,0x000000bc5de00000]
Native frames: (J=compiled Java code, j=interpreted, Vv=VM code, C=native code)
V  [jvm.dll+0x730739]  (no source info available)
V  [jvm.dll+0x8d9b23]  (no source info available)
V  [jvm.dll+0x8dc00d]  (no source info available)
V  [jvm.dll+0x8dc683]  (no source info available)
V  [jvm.dll+0x2aa086]  (no source info available)
V  [jvm.dll+0x72cc65]  (no source info available)
V  [jvm.dll+0x72059a]  (no source info available)
V  [jvm.dll+0x390cea]  (no source info available)
V  [jvm.dll+0x3989f6]  (no source info available)
V  [jvm.dll+0x38523e]  (no source info available)
V  [jvm.dll+0x3854f8]  (no source info available)
V  [jvm.dll+0x35d0cc]  (no source info available)
V  [jvm.dll+0x35dd8d]  (no source info available)
V  [jvm.dll+0x89d28f]  (no source info available)
V  [jvm.dll+0x3f985d]  (no source info available)
V  [jvm.dll+0x8858e6]  (no source info available)
V  [jvm.dll+0x495f3e]  (no source info available)
V  [jvm.dll+0x497d11]  (no source info available)
C  [jli.dll+0x52a1]  (no source info available)
C  [ucrtbase.dll+0x2cd30]  (no source info available)
C  [KERNEL32.DLL+0x2e957]  (no source info available)
C  [ntdll.dll+0x87c1c]  (no source info available)

Lock stack of current Java thread (top to bottom):


---------------  P R O C E S S  ---------------

Threads class SMR info:
_java_thread_list=0x00007ffc22b7f318, length=0, elements={
}

Java Threads: ( => current thread )
Total: 0

Other Threads:
  0x0000021557e59ea0 WorkerThread "GC Thread#0"                     [id=5212, stack(0x000000bc5de00000,0x000000bc5df00000) (1024K)]
  0x0000021579ed27b0 ConcurrentGCThread "G1 Main Marker"            [id=34516, stack(0x000000bc5df00000,0x000000bc5e000000) (1024K)]
  0x0000021579ed2f70 WorkerThread "G1 Conc#0"                       [id=34900, stack(0x000000bc5e000000,0x000000bc5e100000) (1024K)]

[error occurred during error reporting (printing all threads), id 0xc0000005, EXCEPTION_ACCESS_VIOLATION (0xc0000005) at pc=0x00007ffc222b14ea]
VM state: not at safepoint (not fully initialized)

VM Mutex/Monitor currently owned by a thread:  ([mutex/lock_event])
[0x00007ffc22c045b0] Heap_lock - owner thread: 0x00000215559251f0

Heap address: 0x0000000601000000, size: 8176 MB, Compressed Oops mode: Zero based, Oop shift amount: 3

CDS archive(s) mapped at: [0x0000000000000000-0x0000000000000000-0x0000000000000000), size 0, SharedBaseAddress: 0x0000000800000000, ArchiveRelocationMode: 1.
UseCompressedClassPointers 1, UseCompactObjectHeaders 0
Narrow klass pointer bits 32, Max shift 3
Narrow klass base: 0xffffffffffffffff, Narrow klass shift: -1
Encoding Range: [0xffffffffffffffff - 0x000000007fffffff), (2147483648 bytes)
Klass Range:    [0x0000000000000000 - 0x0000000000000000), (0 bytes)
Klass ID Range:  [4294967295 - 0) (1)

GC Precious Log:
 CardTable entry size: 512
 Card Set container configuration: InlinePtr #cards 4 size 8 Array Of Cards #cards 32 size 80 Howl #buckets 8 coarsen threshold 7372 Howl Bitmap #cards 1024 size 144 coarsen threshold 921 Card regions per heap region 1 cards per card region 8192

Heap:
 garbage-first heap   total reserved 8372224K, committed 0K, used 0K [0x0000000601000000, 0x0000000800000000)
  region size 4096K, 0 young (0K), 0 survivors (0K)

[error occurred during error reporting (printing heap information), id 0xc0000005, EXCEPTION_ACCESS_VIOLATION (0xc0000005) at pc=0x00007ffc226ce3e9]
GC Heap History (0 events):
No events

Dll operation events (1 events):
Event: 0.013 Loaded shared library C:\Program Files\Java\jdk-24\bin\java.dll

Deoptimization events (0 events):
No events

Classes loaded (0 events):
No events

Classes unloaded (0 events):
No events

Classes redefined (0 events):
No events

Internal exceptions (0 events):
No events

VM Operations (0 events):
No events

Memory protections (0 events):
No events

Nmethod flushes (0 events):
No events

Events (0 events):
No events


Dynamic libraries:
0x00007ff69adc0000 - 0x00007ff69add0000 	C:\Program Files\Java\jdk-24\bin\javaw.exe
0x00007ffd4b8e0000 - 0x00007ffd4bb46000 	C:\WINDOWS\SYSTEM32\ntdll.dll
0x00007ffd49ff0000 - 0x00007ffd4a0b9000 	C:\WINDOWS\System32\KERNEL32.DLL
0x00007ffd49250000 - 0x00007ffd4964a000 	C:\WINDOWS\System32\KERNELBASE.dll
0x00007ffd48ed0000 - 0x00007ffd4901c000 	C:\WINDOWS\System32\ucrtbase.dll
0x00007ffca5c30000 - 0x00007ffca5c4b000 	C:\Program Files\Java\jdk-24\bin\VCRUNTIME140.dll
0x00007ffca5c90000 - 0x00007ffca5ca6000 	C:\Program Files\Java\jdk-24\bin\jli.dll
0x00007ffd4b410000 - 0x00007ffd4b5d7000 	C:\WINDOWS\System32\USER32.dll
0x00007ffd48d70000 - 0x00007ffd48d97000 	C:\WINDOWS\System32\win32u.dll
0x00007ffd30300000 - 0x00007ffd30592000 	C:\WINDOWS\WinSxS\amd64_microsoft.windows.common-controls_6595b64144ccf1df_6.0.26100.8521_none_3e08b75ce33403b3\COMCTL32.dll
0x00007ffd4a0c0000 - 0x00007ffd4a169000 	C:\WINDOWS\System32\msvcrt.dll
0x00007ffd49e60000 - 0x00007ffd49e8b000 	C:\WINDOWS\System32\GDI32.dll
0x00007ffd48da0000 - 0x00007ffd48ecb000 	C:\WINDOWS\System32\gdi32full.dll
0x00007ffd48c00000 - 0x00007ffd48ca3000 	C:\WINDOWS\System32\msvcp_win.dll
0x00007ffd4a930000 - 0x00007ffd4a962000 	C:\WINDOWS\System32\IMM32.DLL
0x00007ffd277c0000 - 0x00007ffd277cc000 	C:\Program Files\Java\jdk-24\bin\vcruntime140_1.dll
0x00007ffc3d5e0000 - 0x00007ffc3d66e000 	C:\Program Files\Java\jdk-24\bin\msvcp140.dll
0x00007ffc21f40000 - 0x00007ffc22ce2000 	C:\Program Files\Java\jdk-24\bin\server\jvm.dll
0x00007ffd4a1b0000 - 0x00007ffd4a266000 	C:\WINDOWS\System32\ADVAPI32.dll
0x00007ffd4a870000 - 0x00007ffd4a91a000 	C:\WINDOWS\System32\sechost.dll
0x00007ffd4ab50000 - 0x00007ffd4ac68000 	C:\WINDOWS\System32\RPCRT4.dll
0x00007ffd4a290000 - 0x00007ffd4a310000 	C:\WINDOWS\System32\WS2_32.dll
0x00007ffd489d0000 - 0x00007ffd48a2e000 	C:\WINDOWS\SYSTEM32\POWRPROF.dll
0x00007ffd41c70000 - 0x00007ffd41c7b000 	C:\WINDOWS\SYSTEM32\VERSION.dll
0x00007ffd3ab40000 - 0x00007ffd3ab76000 	C:\WINDOWS\SYSTEM32\WINMM.dll
0x00007ffd489b0000 - 0x00007ffd489c4000 	C:\WINDOWS\SYSTEM32\UMPDC.dll
0x00007ffd47900000 - 0x00007ffd4791b000 	C:\WINDOWS\SYSTEM32\kernel.appcore.dll
0x00007ffd0e930000 - 0x00007ffd0e93a000 	C:\Program Files\Java\jdk-24\bin\jimage.dll
0x00007ffd38320000 - 0x00007ffd38562000 	C:\WINDOWS\SYSTEM32\DBGHELP.DLL
0x00007ffd4aee0000 - 0x00007ffd4b263000 	C:\WINDOWS\System32\combase.dll
0x00007ffd4a970000 - 0x00007ffd4aa49000 	C:\WINDOWS\System32\OLEAUT32.dll
0x00007ffd2f500000 - 0x00007ffd2f53b000 	C:\WINDOWS\SYSTEM32\dbgcore.DLL
0x00007ffd49020000 - 0x00007ffd490c8000 	C:\WINDOWS\System32\bcryptPrimitives.dll
0x00007ffca5c10000 - 0x00007ffca5c2e000 	C:\Program Files\Java\jdk-24\bin\java.dll
0x00007ffd4b270000 - 0x00007ffd4b408000 	C:\WINDOWS\System32\ole32.dll
0x00007ffd49650000 - 0x00007ffd49dd4000 	C:\WINDOWS\System32\SHELL32.dll

JVMTI agents: none

dbghelp: loaded successfully - version: 4.0.5 - missing functions: none
symbol engine: initialized successfully - sym options: 0x614 - pdb path: .;C:\Program Files\Java\jdk-24\bin;C:\WINDOWS\SYSTEM32;C:\WINDOWS\WinSxS\amd64_microsoft.windows.common-controls_6595b64144ccf1df_6.0.26100.8521_none_3e08b75ce33403b3;C:\Program Files\Java\jdk-24\bin\server

VM Arguments:
jvm_args: -ea -Dfile.encoding=UTF-8 -Dstdout.encoding=UTF-8 -Dstderr.encoding=UTF-8 -XX:+ShowCodeDetailsInExceptionMessages 
java_command: org.eclipse.jdt.internal.junit.runner.RemoteTestRunner -version 3 -port 58690 -testLoaderClass org.eclipse.jdt.internal.junit5.runner.JUnit5TestLoader -loaderpluginname org.eclipse.jdt.junit5.runtime -classNames graphVisualizer.VisualizerLayoutTest
java_class_path (initial): C:\Users\samie\eclipse-workspace\PROFPaligs\bin;C:\Users\samie\Documents\javafx-sdk-21\lib\javafx.base.jar;C:\Users\samie\Documents\javafx-sdk-21\lib\javafx.controls.jar;C:\Users\samie\Documents\javafx-sdk-21\lib\javafx.fxml.jar;C:\Users\samie\Documents\javafx-sdk-21\lib\javafx.graphics.jar;C:\Users\samie\Documents\javafx-sdk-21\lib\javafx.media.jar;C:\Users\samie\Documents\javafx-sdk-21\lib\javafx.swing.jar;C:\Users\samie\Documents\javafx-sdk-21\lib\javafx.web.jar;C:\Users\samie\Documents\javafx-sdk-21\lib\javafx-swt.jar;C:\Users\samie\.p2\pool\plugins\junit-jupiter-api_5.14.4.jar;C:\Users\samie\.p2\pool\plugins\junit-jupiter-engine_5.14.4.jar;C:\Users\samie\.p2\pool\plugins\junit-jupiter-migrationsupport_5.12.2.jar;C:\Users\samie\.p2\pool\plugins\junit-jupiter-params_5.14.4.jar;C:\Users\samie\.p2\pool\plugins\junit-platform-commons_1.14.4.jar;C:\Users\samie\.p2\pool\plugins\junit-platform-engine_1.14.4.jar;C:\Users\samie\.p2\pool\plugins\junit-platform-launcher_1.14.4.jar;C:\Users\samie\.p2\pool\plugins\junit-platform-runner_1.14.4.jar;C:\Users\samie\.p2\pool\plugins\junit-platform-suite-api_1.14.4.jar;C:\Users\samie\.p2\pool\plugins\junit-platform-suite-engine_1.12.2.jar;C:\Users\samie\.p2\pool\plugins\junit-platform-suite-commons_1.14.4.jar;C:\Users\samie\.p2\pool\plugins\junit-vintage-engine_5.12.2.jar;C:\Users\samie\.p2\pool\plugins\org.opentest4j_1.3.0.jar;C:\Users\samie\.p2\pool\plugins\org.apiguardian.api_1.1.2.jar;C:\Users\samie\.p2\pool\plugins\org.junit_4.13.2.v20240929-1000.jar;C:\Users\samie\.p2\pool\plugins\org.hamcrest_3.0.0.jar;C:\Users\samie\eclipse\java-2024-12\eclipse\configuration\org.eclipse.osgi\251\0\.cp;C:\Users\samie\eclipse\java-2024-12\eclipse\configuration\org.eclipse.osgi\713\0\.cp
Launcher Type: SUN_STANDARD

[Global flags]
     intx CICompilerCount                          = 12                                        {product} {ergonomic}
     uint ConcGCThreads                            = 3                                         {product} {ergonomic}
     uint G1ConcRefinementThreads                  = 13                                        {product} {ergonomic}
   size_t G1HeapRegionSize                         = 4194304                                   {product} {ergonomic}
   size_t InitialHeapSize                          = 536870912                                 {product} {ergonomic}
   size_t MarkStackSize                            = 4194304                                   {product} {ergonomic}
   size_t MarkStackSizeMax                         = 536870912                                 {product} {ergonomic}
   size_t MaxHeapSize                              = 8573157376                                {product} {ergonomic}
   size_t MinHeapDeltaBytes                        = 4194304                                   {product} {ergonomic}
   size_t MinHeapSize                              = 8388608                                   {product} {ergonomic}
    uintx NonNMethodCodeHeapSize                   = 7602176                                {pd product} {ergonomic}
    uintx NonProfiledCodeHeapSize                  = 122093568                              {pd product} {ergonomic}
    uintx ProfiledCodeHeapSize                     = 121962496                              {pd product} {ergonomic}
    uintx ReservedCodeCacheSize                    = 251658240                              {pd product} {ergonomic}
     bool SegmentedCodeCache                       = true                                      {product} {ergonomic}
     bool ShowCodeDetailsInExceptionMessages       = true                                   {manageable} {command line}
   size_t SoftMaxHeapSize                          = 8573157376                             {manageable} {ergonomic}
     bool UseCompressedOops                        = true                           {product lp64_product} {ergonomic}
     bool UseG1GC                                  = true                                      {product} {ergonomic}
     bool UseLargePagesIndividualAllocation        = false                                  {pd product} {ergonomic}

Logging:
Log output configuration:
 #0: stdout all=warning uptime,level,tags foldmultilines=false
 #1: stderr all=off uptime,level,tags foldmultilines=false

Environment Variables:
PATH=C:/Users/samie/.p2/pool/plugins/org.eclipse.justj.openjdk.hotspot.jre.full.win32.x86_64_23.0.1.v20241024-1700/jre/bin/server;C:/Users/samie/.p2/pool/plugins/org.eclipse.justj.openjdk.hotspot.jre.full.win32.x86_64_23.0.1.v20241024-1700/jre/bin;C:\Python314\Scripts\;C:\Python314\;C:\Program Files\Common Files\Oracle\Java\javapath;C:\Program Files (x86)\Common Files\Oracle\Java\java8path;C:\Program Files (x86)\Common Files\Oracle\Java\javapath;C:\WINDOWS\system32;C:\WINDOWS;C:\WINDOWS\System32\Wbem;C:\WINDOWS\System32\WindowsPowerShell\v1.0\;C:\WINDOWS\System32\OpenSSH\;C:\Program Files\NVIDIA Corporation\NVIDIA App\NvDLISR;C:\Program Files (x86)\NVIDIA Corporation\PhysX\Common;C:\Program Files\dotnet\;C:\Program Files\Git\cmd;C:\Program Files\nodejs\;C:\ProgramData\chocolatey\bin;C:\WINDOWS\system32\config\systemprofile\AppData\Local\Muse Hub\lib;C:\Users\samie\AppData\Local\Programs\Python\Launcher\;C:\Users\samie\AppData\Local\Microsoft\WindowsApps;C:\msys64\ucrt64\bin;C:\Users\samie\AppData\Local\Programs\Microsoft VS Code\bin;C:\Users\samie\AppData\Local\PowerToys\;C:\Users\samie\AppData\Roaming\npm;C:\Users\samie\AppData\Local\Muse Hub\lib;C:\Users\samie\AppData\Local\GitHubDesktop\bin;C:\Users\samie\.dotnet\tools;;C:\Users\samie\eclipse\java-2024-12\eclipse;
USERNAME=samie
OS=Windows_NT
PROCESSOR_IDENTIFIER=AMD64 Family 25 Model 33 Stepping 2, AuthenticAMD
TMP=C:\Users\samie\AppData\Local\Temp
TEMP=C:\Users\samie\AppData\Local\Temp




Periodic native trim disabled

---------------  S Y S T E M  ---------------

OS:
 Windows 11 , 64 bit Build 26100 (10.0.26100.8521)
OS uptime: 5 days 19:43 hours

CPU: total 16 (initial active 16) (16 cores per cpu, 2 threads per core) family 25 model 33 stepping 2 microcode 0xa20120a, cx8, cmov, fxsr, ht, mmx, 3dnowpref, sse, sse2, sse3, ssse3, sse4a, sse4.1, sse4.2, popcnt, lzcnt, tsc, tscinvbit, avx, avx2, aes, erms, clmul, bmi1, bmi2, adx, sha, fma, vzeroupper, clflush, clflushopt, rdtscp, rdpid, fsrm, f16c, pku, cet_ss
Processor Information for the first 16 processors :
  Max Mhz: 3401, Current Mhz: 3401, Mhz Limit: 3401

Memory: 4k page, system-wide physical 32690M (17652M free)
TotalPageFile size 37672M (AvailPageFile size 525M)
current process WorkingSet (physical memory assigned to process): 14M, peak: 14M
current process commit charge ("private bytes"): 71M, peak: 584M

vm_info: Java HotSpot(TM) 64-Bit Server VM (24.0.1+9-30) for windows-amd64 JRE (24.0.1+9-30), built on 2025-03-05T07:23:45Z with MS VC++ 17.6 (VS2022)

END.
